2025-11-03 15:12:19,519 - INFO - 开始分析 600519 贵州茅台
2025-11-03 15:12:20,773 - INFO - 600519 分析完成: good - 近5年中ROE小于5%的年份数: 0
2025-11-03 15:12:20,774 - INFO - 开始分析 000001 平安银行
2025-11-03 15:12:21,921 - INFO - 000001 分析完成: good - 近5年中ROE小于5%的年份数: 0
2025-11-03 15:12:21,922 - INFO - 开始分析 300750 宁德时代
2025-11-03 15:12:22,759 - INFO - 300750 分析完成: good - 近5年中ROE小于5%的年份数: 0
2025-11-03 15:12:22,761 - INFO - 开始分析 601318 中国平安
2025-11-03 15:12:23,814 - INFO - 601318 分析完成: good - 近5年中ROE小于5%的年份数: 0
2025-11-03 15:34:52,126 - INFO - 开始分析 600519 贵州茅台
2025-11-03 15:34:53,156 - INFO - 600519 分析完成: good - 近5年中ROE小于5%的年份数: 0
2025-11-03 15:34:53,158 - INFO - 开始分析 000001 平安银行
2025-11-03 15:34:54,323 - INFO - 000001 分析完成: good - 近5年中ROE小于5%的年份数: 0
2025-11-03 15:34:54,325 - INFO - 开始分析 300750 宁德时代
2025-11-03 15:34:54,998 - INFO - 300750 分析完成: good - 近5年中ROE小于5%的年份数: 0
2025-11-03 15:34:55,001 - INFO - 开始分析 601318 中国平安
2025-11-03 15:34:56,014 - INFO - 601318 分析完成: good - 近5年中ROE小于5%的年份数: 0
2025-11-03 15:41:48,926 - INFO - 开始分析 600519 贵州茅台
2025-11-03 15:41:49,913 - INFO - 600519 分析完成: good - 近5年中ROE小于5%的年份数: 0
2025-11-03 15:41:49,915 - INFO - 开始分析 000001 平安银行
2025-11-03 15:41:51,169 - INFO - 000001 分析完成: good - 近5年中ROE小于5%的年份数: 0
2025-11-03 15:41:51,170 - INFO - 开始分析 300750 宁德时代
2025-11-03 15:41:51,924 - INFO - 300750 分析完成: good - 近5年中ROE小于5%的年份数: 0
2025-11-03 15:41:51,925 - INFO - 开始分析 601318 中国平安
2025-11-03 15:41:52,760 - INFO - 601318 分析完成: good - 近5年中ROE小于5%的年份数: 0
2025-11-03 15:41:52,762 - INFO - 开始分析 001270 铖昌科技
2025-11-03 15:41:53,409 - INFO - 001270 分析完成: good - 近5年中ROE小于5%的年份数: 1
2025-11-03 15:45:32,219 - INFO - 开始分析 600519 贵州茅台
2025-11-03 15:45:33,256 - INFO - 600519 分析完成: good - 近5年中ROE小于5%的年份数: 0
2025-11-03 15:45:33,258 - INFO - 开始分析 000001 平安银行
2025-11-03 15:45:34,633 - INFO - 000001 分析完成: good - 近5年中ROE小于5%的年份数: 0
2025-11-03 15:45:34,635 - INFO - 开始分析 300750 宁德时代
2025-11-03 15:45:35,413 - INFO - 300750 分析完成: good - 近5年中ROE小于5%的年份数: 0
2025-11-03 15:45:35,414 - INFO - 开始分析 601318 中国平安
2025-11-03 15:45:36,366 - INFO - 601318 分析完成: good - 近5年中ROE小于5%的年份数: 0
2025-11-03 15:45:36,367 - INFO - 开始分析 301607 富特科技
2025-11-03 15:45:37,106 - INFO - 301607 分析完成: good - 近5年中ROE小于5%的年份数: 1
2025-11-03 15:50:42,130 - INFO - 开始分析 600519 贵州茅台
2025-11-03 15:50:42,972 - INFO - 600519 分析完成: good - 近5年中ROE小于5%的年份数: 0
2025-11-03 15:50:42,973 - INFO - 开始分析 000001 平安银行
2025-11-03 15:50:44,082 - INFO - 000001 分析完成: good - 近5年中ROE小于5%的年份数: 0
2025-11-03 15:50:44,084 - INFO - 开始分析 300750 宁德时代
2025-11-03 15:50:44,677 - INFO - 300750 分析完成: good - 近5年中ROE小于5%的年份数: 0
2025-11-03 15:50:44,678 - INFO - 开始分析 601318 中国平安
2025-11-03 15:50:45,477 - INFO - 601318 分析完成: good - 近5年中ROE小于5%的年份数: 0
2025-11-03 15:50:45,478 - INFO - 开始分析 603660 苏州科达
2025-11-03 15:50:46,301 - INFO - 603660 分析完成: bad - 近5年中有5年ROE小于5%
2025-11-03 15:52:38,885 - INFO - 原始股票列表数量: 5445
2025-11-03 15:52:38,892 - INFO - 过滤后股票列表数量: 3335
2025-11-03 15:52:38,893 - INFO - 开始批量分析，总共 3335 只股票
2025-11-03 15:52:39,012 - INFO - 需要分析的股票数量: 3335
2025-11-03 15:52:39,012 - INFO - 分析第 1 批，共 10 只股票
2025-11-03 15:52:39,013 - INFO - 开始分析 000001 平安银行
2025-11-03 15:52:50,035 - INFO - 000001 分析完成: good - 近5年中ROE小于5%的年份数: 0
2025-11-03 15:52:50,037 - INFO - 分析结果已保存到: roe_analysis_results.json
2025-11-03 15:52:50,040 - ERROR - 保存进度失败: Object of type int64 is not JSON serializable
2025-11-03 15:52:51,041 - INFO - 开始分析 000002 万  科Ａ
2025-11-03 15:52:52,489 - INFO - 000002 分析完成: bad - 近5年中有2年ROE小于5%
2025-11-03 15:52:52,492 - INFO - 分析结果已保存到: roe_analysis_results.json
2025-11-03 15:52:52,493 - ERROR - 保存进度失败: Object of type int64 is not JSON serializable
2025-11-03 15:52:53,494 - INFO - 开始分析 000006 深振业Ａ
2025-11-03 15:52:54,800 - INFO - 000006 分析完成: bad - 近5年中有2年ROE小于5%
2025-11-03 15:52:54,802 - INFO - 分析结果已保存到: roe_analysis_results.json
2025-11-03 15:52:54,803 - ERROR - 保存进度失败: Object of type int64 is not JSON serializable
2025-11-03 15:52:55,804 - INFO - 开始分析 000007 全新好
2025-11-03 15:52:56,964 - INFO - 000007 分析完成: bad - 近5年中有2年ROE小于5%
2025-11-03 15:52:56,966 - INFO - 分析结果已保存到: roe_analysis_results.json
2025-11-03 15:52:56,968 - ERROR - 保存进度失败: Object of type int64 is not JSON serializable
2025-11-03 15:52:57,968 - INFO - 开始分析 000008 神州高铁
2025-11-03 15:52:59,263 - INFO - 000008 分析完成: bad - 近5年中有5年ROE小于5%
2025-11-03 15:52:59,266 - INFO - 分析结果已保存到: roe_analysis_results.json
2025-11-03 15:52:59,268 - ERROR - 保存进度失败: Object of type int64 is not JSON serializable
2025-11-03 15:53:00,270 - INFO - 开始分析 000009 中国宝安
2025-11-03 15:53:01,555 - INFO - 000009 分析完成: good - 近5年中ROE小于5%的年份数: 1
2025-11-03 15:53:01,557 - INFO - 分析结果已保存到: roe_analysis_results.json
2025-11-03 15:53:01,558 - ERROR - 保存进度失败: Object of type int64 is not JSON serializable
2025-11-03 15:53:02,558 - INFO - 开始分析 000010 美丽生态
2025-11-03 15:53:03,824 - INFO - 000010 分析完成: bad - 近5年中有3年ROE小于5%
2025-11-03 15:53:03,827 - INFO - 分析结果已保存到: roe_analysis_results.json
2025-11-03 15:53:03,829 - ERROR - 保存进度失败: Object of type int64 is not JSON serializable
2025-11-03 15:53:04,829 - INFO - 开始分析 000011 深物业A
2025-11-03 15:53:05,900 - INFO - 000011 分析完成: good - 近5年中ROE小于5%的年份数: 1
2025-11-03 15:53:05,902 - INFO - 分析结果已保存到: roe_analysis_results.json
2025-11-03 15:53:05,903 - ERROR - 保存进度失败: Object of type int64 is not JSON serializable
2025-11-03 15:53:06,905 - INFO - 开始分析 000012 南  玻Ａ
2025-11-03 15:53:08,261 - INFO - 000012 分析完成: good - 近5年中ROE小于5%的年份数: 1
2025-11-03 15:53:08,263 - INFO - 分析结果已保存到: roe_analysis_results.json
2025-11-03 15:53:08,264 - ERROR - 保存进度失败: Object of type int64 is not JSON serializable
2025-11-03 15:53:09,266 - INFO - 开始分析 000014 沙河股份
2025-11-03 15:53:10,657 - INFO - 000014 分析完成: bad - 近5年中有3年ROE小于5%
2025-11-03 15:53:10,659 - INFO - 分析结果已保存到: roe_analysis_results.json
2025-11-03 15:53:10,660 - ERROR - 保存进度失败: Object of type int64 is not JSON serializable
2025-11-03 15:53:11,661 - INFO - 第 1 批分析完成
2025-11-03 15:53:11,661 - INFO - 分析第 2 批，共 10 只股票
2025-11-03 15:53:11,661 - INFO - 开始分析 000016 深康佳Ａ
2025-11-03 15:53:13,067 - INFO - 000016 分析完成: bad - 近5年中有3年ROE小于5%
2025-11-03 15:53:13,070 - INFO - 分析结果已保存到: roe_analysis_results.json
2025-11-03 15:53:13,071 - ERROR - 保存进度失败: Object of type int64 is not JSON serializable
2025-11-03 15:53:14,073 - INFO - 开始分析 000017 深中华A
2025-11-03 15:53:15,636 - INFO - 000017 分析完成: bad - 近5年中有2年ROE小于5%
2025-11-03 15:53:15,639 - INFO - 分析结果已保存到: roe_analysis_results.json
2025-11-03 15:53:15,641 - ERROR - 保存进度失败: Object of type int64 is not JSON serializable
2025-11-03 15:53:16,642 - INFO - 开始分析 000019 深粮控股
2025-11-03 15:53:17,830 - INFO - 000019 分析完成: good - 近5年中ROE小于5%的年份数: 0
2025-11-03 15:53:17,833 - INFO - 分析结果已保存到: roe_analysis_results.json
2025-11-03 15:53:17,835 - ERROR - 保存进度失败: Object of type int64 is not JSON serializable
2025-11-03 15:53:18,836 - INFO - 开始分析 000020 深华发Ａ
2025-11-03 15:53:19,988 - INFO - 000020 分析完成: bad - 近5年中有4年ROE小于5%
2025-11-03 15:53:19,989 - INFO - 分析结果已保存到: roe_analysis_results.json
2025-11-03 15:53:19,991 - ERROR - 保存进度失败: Object of type int64 is not JSON serializable
2025-11-03 15:53:20,992 - INFO - 开始分析 000021 深科技
2025-11-03 15:53:22,493 - INFO - 000021 分析完成: good - 近5年中ROE小于5%的年份数: 0
2025-11-03 15:53:22,494 - INFO - 分析结果已保存到: roe_analysis_results.json
2025-11-03 15:53:22,496 - ERROR - 保存进度失败: Object of type int64 is not JSON serializable
2025-11-03 15:53:23,497 - INFO - 开始分析 000025 特  力Ａ
2025-11-03 15:54:22,140 - WARNING - 加载进度文件失败: Expecting value: line 19 column 26 (char 264)
2025-11-03 15:59:22,046 - WARNING - 加载进度文件失败: Expecting value: line 19 column 26 (char 264)
2025-11-03 15:59:42,567 - INFO - 原始股票列表数量: 5445
2025-11-03 15:59:42,576 - INFO - 过滤后股票列表数量: 3335
2025-11-03 15:59:42,576 - INFO - 开始批量分析，总共 3335 只股票
2025-11-03 15:59:42,701 - INFO - 需要分析的股票数量: 3335
2025-11-03 15:59:42,702 - INFO - 分析第 1 批，共 10 只股票
2025-11-03 15:59:42,702 - INFO - 开始分析 000001 平安银行
2025-11-03 15:59:43,834 - INFO - 000001 分析完成: good - 近5年中ROE小于5%的年份数: 0
2025-11-03 15:59:43,838 - INFO - 分析结果已保存到: roe_analysis_results.json
2025-11-03 15:59:44,841 - INFO - 开始分析 000002 万  科Ａ
2025-11-03 15:59:46,619 - INFO - 000002 分析完成: bad - 近5年中有2年ROE小于5%
2025-11-03 15:59:46,622 - INFO - 分析结果已保存到: roe_analysis_results.json
2025-11-03 15:59:47,624 - INFO - 开始分析 000006 深振业Ａ
2025-11-03 15:59:49,095 - INFO - 000006 分析完成: bad - 近5年中有2年ROE小于5%
2025-11-03 15:59:49,099 - INFO - 分析结果已保存到: roe_analysis_results.json
2025-11-03 15:59:50,102 - INFO - 开始分析 000007 全新好
2025-11-03 15:59:51,014 - INFO - 000007 分析完成: bad - 近5年中有2年ROE小于5%
2025-11-03 15:59:51,017 - INFO - 分析结果已保存到: roe_analysis_results.json
2025-11-03 15:59:52,019 - INFO - 开始分析 000008 神州高铁
2025-11-03 15:59:53,124 - INFO - 000008 分析完成: bad - 近5年中有5年ROE小于5%
2025-11-03 15:59:53,126 - INFO - 分析结果已保存到: roe_analysis_results.json
2025-11-03 15:59:54,129 - INFO - 开始分析 000009 中国宝安
2025-11-03 15:59:55,107 - INFO - 000009 分析完成: good - 近5年中ROE小于5%的年份数: 1
2025-11-03 15:59:55,110 - INFO - 分析结果已保存到: roe_analysis_results.json
2025-11-03 15:59:56,112 - INFO - 开始分析 000010 美丽生态
2025-11-03 15:59:57,149 - INFO - 000010 分析完成: bad - 近5年中有3年ROE小于5%
2025-11-03 15:59:57,151 - INFO - 分析结果已保存到: roe_analysis_results.json
2025-11-03 15:59:58,153 - INFO - 开始分析 000011 深物业A
2025-11-03 15:59:59,195 - INFO - 000011 分析完成: good - 近5年中ROE小于5%的年份数: 1
2025-11-03 15:59:59,197 - INFO - 分析结果已保存到: roe_analysis_results.json
2025-11-03 16:00:00,199 - INFO - 开始分析 000012 南  玻Ａ
2025-11-03 16:00:01,086 - INFO - 000012 分析完成: good - 近5年中ROE小于5%的年份数: 1
2025-11-03 16:00:01,089 - INFO - 分析结果已保存到: roe_analysis_results.json
2025-11-03 16:00:02,092 - INFO - 开始分析 000014 沙河股份
2025-11-03 16:00:04,764 - INFO - 000014 分析完成: bad - 近5年中有3年ROE小于5%
2025-11-03 16:00:04,766 - INFO - 分析结果已保存到: roe_analysis_results.json
2025-11-03 16:01:57,978 - INFO - 原始股票列表数量: 5445
2025-11-03 16:01:57,988 - INFO - 过滤后股票列表数量: 3335
2025-11-03 16:01:57,988 - INFO - 开始批量分析，总共 3335 只股票
2025-11-03 16:01:58,125 - INFO - 需要分析的股票数量: 3325
2025-11-03 16:01:58,126 - INFO - 分析第 1 批，共 10 只股票
2025-11-03 16:01:58,126 - INFO - 开始分析 000016 深康佳Ａ
2025-11-03 16:01:59,236 - INFO - 000016 分析完成: bad - 近5年中有3年ROE小于5%
2025-11-03 16:01:59,239 - INFO - 分析结果已保存到: roe_analysis_results.json
2025-11-03 16:02:00,254 - INFO - 开始分析 000017 深中华A
2025-11-03 16:02:01,299 - INFO - 000017 分析完成: bad - 近5年中有2年ROE小于5%
2025-11-03 16:02:01,301 - INFO - 分析结果已保存到: roe_analysis_results.json
2025-11-03 16:02:02,302 - INFO - 开始分析 000019 深粮控股
2025-11-03 16:02:03,619 - INFO - 000019 分析完成: good - 近5年中ROE小于5%的年份数: 0
2025-11-03 16:02:03,622 - INFO - 分析结果已保存到: roe_analysis_results.json
2025-11-03 16:02:04,624 - INFO - 开始分析 000020 深华发Ａ
2025-11-03 16:02:05,763 - INFO - 000020 分析完成: bad - 近5年中有4年ROE小于5%
2025-11-03 16:02:05,766 - INFO - 分析结果已保存到: roe_analysis_results.json
2025-11-03 16:02:06,769 - INFO - 开始分析 000021 深科技
2025-11-03 16:02:08,097 - INFO - 000021 分析完成: good - 近5年中ROE小于5%的年份数: 0
2025-11-03 16:02:08,100 - INFO - 分析结果已保存到: roe_analysis_results.json
2025-11-03 16:02:09,103 - INFO - 开始分析 000025 特  力Ａ
2025-11-03 16:02:10,213 - INFO - 000025 分析完成: good - 近5年中ROE小于5%的年份数: 1
2025-11-03 16:02:10,216 - INFO - 分析结果已保存到: roe_analysis_results.json
2025-11-03 16:02:11,218 - INFO - 开始分析 000026 飞亚达
2025-11-03 16:02:12,512 - INFO - 000026 分析完成: good - 近5年中ROE小于5%的年份数: 0
2025-11-03 16:02:12,517 - INFO - 分析结果已保存到: roe_analysis_results.json
2025-11-03 16:02:13,526 - INFO - 开始分析 000027 深圳能源
2025-11-03 16:02:14,537 - INFO - 000027 分析完成: bad - 近5年中有2年ROE小于5%
2025-11-03 16:02:14,540 - INFO - 分析结果已保存到: roe_analysis_results.json
2025-11-03 16:02:15,543 - INFO - 开始分析 000028 国药一致
2025-11-03 16:02:16,588 - INFO - 000028 分析完成: good - 近5年中ROE小于5%的年份数: 1
2025-11-03 16:02:16,591 - INFO - 分析结果已保存到: roe_analysis_results.json
2025-11-03 16:02:17,593 - INFO - 开始分析 000029 深深房Ａ
2025-11-03 16:02:18,820 - INFO - 000029 分析完成: bad - 近5年中有3年ROE小于5%
2025-11-03 16:02:18,824 - INFO - 分析结果已保存到: roe_analysis_results.json
2025-11-03 16:02:19,826 - INFO - 第 1 批分析完成
2025-11-03 16:02:19,826 - INFO - 分析第 2 批，共 10 只股票
2025-11-03 16:02:19,827 - INFO - 开始分析 000030 富奥股份
2025-11-03 16:02:20,907 - INFO - 000030 分析完成: good - 近5年中ROE小于5%的年份数: 0
2025-11-03 16:02:20,910 - INFO - 分析结果已保存到: roe_analysis_results.json
2025-11-03 16:02:21,913 - INFO - 开始分析 000031 大悦城
2025-11-03 16:02:23,073 - INFO - 000031 分析完成: bad - 近5年中有5年ROE小于5%
2025-11-03 16:02:23,077 - INFO - 分析结果已保存到: roe_analysis_results.json
2025-11-03 16:02:24,080 - INFO - 开始分析 000032 深桑达Ａ
2025-11-03 16:02:25,090 - INFO - 000032 分析完成: good - 近5年中ROE小于5%的年份数: 1
2025-11-03 16:02:25,093 - INFO - 分析结果已保存到: roe_analysis_results.json
2025-11-03 16:02:26,096 - INFO - 开始分析 000034 神州数码
2025-11-03 16:02:27,124 - INFO - 000034 分析完成: good - 近5年中ROE小于5%的年份数: 1
2025-11-03 16:02:27,129 - INFO - 分析结果已保存到: roe_analysis_results.json
2025-11-03 16:02:28,132 - INFO - 开始分析 000035 中国天楹
2025-11-03 16:02:29,511 - INFO - 000035 分析完成: bad - 近5年中有3年ROE小于5%
2025-11-03 16:02:29,515 - INFO - 分析结果已保存到: roe_analysis_results.json
2025-11-03 16:02:30,518 - INFO - 开始分析 000036 华联控股
2025-11-03 16:02:31,724 - INFO - 000036 分析完成: bad - 近5年中有2年ROE小于5%
2025-11-03 16:02:31,727 - INFO - 分析结果已保存到: roe_analysis_results.json
2025-11-03 16:02:32,729 - INFO - 开始分析 000037 深南电A
2025-11-03 16:02:34,461 - INFO - 000037 分析完成: bad - 近5年中有5年ROE小于5%
2025-11-03 16:02:34,467 - INFO - 分析结果已保存到: roe_analysis_results.json
2025-11-03 16:02:35,470 - INFO - 开始分析 000039 中集集团
2025-11-03 16:02:36,640 - INFO - 000039 分析完成: good - 近5年中ROE小于5%的年份数: 1
2025-11-03 16:02:36,643 - INFO - 分析结果已保存到: roe_analysis_results.json
2025-11-03 16:02:37,647 - INFO - 开始分析 000042 中洲控股
2025-11-03 16:02:38,887 - INFO - 000042 分析完成: bad - 近5年中有5年ROE小于5%
2025-11-03 16:02:38,890 - INFO - 分析结果已保存到: roe_analysis_results.json
2025-11-03 16:02:39,892 - INFO - 开始分析 000045 深纺织Ａ
2025-11-03 16:04:38,597 - INFO - 原始股票列表数量: 5445
2025-11-03 16:04:38,605 - INFO - 过滤后股票列表数量: 3335
2025-11-03 16:04:38,606 - INFO - 开始批量分析，总共 3335 只股票
2025-11-03 16:04:38,741 - INFO - 需要分析的股票数量: 3306
2025-11-03 16:04:38,741 - INFO - 分析第 1 批，共 10 只股票
2025-11-03 16:04:38,741 - INFO - 开始分析 000045 深纺织Ａ
2025-11-03 16:04:39,953 - INFO - 000045 分析完成: bad - 近5年中有5年ROE小于5%
2025-11-03 16:04:39,956 - INFO - 分析结果已保存到: roe_analysis_results.json
2025-11-03 16:04:42,958 - INFO - 开始分析 000048 京基智农
2025-11-03 16:04:43,999 - INFO - 000048 分析完成: good - 近5年中ROE小于5%的年份数: 0
2025-11-03 16:04:44,004 - INFO - 分析结果已保存到: roe_analysis_results.json
2025-11-03 16:04:47,007 - INFO - 开始分析 000049 德赛电池
2025-11-03 16:04:47,932 - INFO - 000049 分析完成: good - 近5年中ROE小于5%的年份数: 0
2025-11-03 16:04:47,935 - INFO - 分析结果已保存到: roe_analysis_results.json
2025-11-03 16:04:50,937 - INFO - 开始分析 000050 深天马Ａ
2025-11-03 16:04:51,960 - INFO - 000050 分析完成: bad - 近5年中有4年ROE小于5%
2025-11-03 16:04:51,963 - INFO - 分析结果已保存到: roe_analysis_results.json
2025-11-03 16:04:54,966 - INFO - 开始分析 000055 方大集团
2025-11-03 16:04:55,915 - INFO - 000055 分析完成: bad - 近5年中有3年ROE小于5%
2025-11-03 16:04:55,918 - INFO - 分析结果已保存到: roe_analysis_results.json
2025-11-03 16:04:58,919 - INFO - 开始分析 000056 皇庭国际
2025-11-03 16:05:00,181 - INFO - 000056 分析完成: bad - 近5年中有5年ROE小于5%
2025-11-03 16:05:00,184 - INFO - 分析结果已保存到: roe_analysis_results.json
2025-11-03 16:05:03,187 - INFO - 开始分析 000058 深 赛 格
2025-11-03 16:05:04,200 - INFO - 000058 分析完成: bad - 近5年中有5年ROE小于5%
2025-11-03 16:05:04,204 - INFO - 分析结果已保存到: roe_analysis_results.json
2025-11-03 16:05:07,207 - INFO - 开始分析 000059 华锦股份
2025-11-03 16:05:08,122 - INFO - 000059 分析完成: bad - 近5年中有4年ROE小于5%
2025-11-03 16:05:08,125 - INFO - 分析结果已保存到: roe_analysis_results.json
2025-11-03 16:05:11,128 - INFO - 开始分析 000060 中金岭南
2025-11-03 16:05:12,102 - INFO - 000060 分析完成: good - 近5年中ROE小于5%的年份数: 1
2025-11-03 16:05:12,105 - INFO - 分析结果已保存到: roe_analysis_results.json
2025-11-03 16:05:15,107 - INFO - 开始分析 000061 农 产 品
2025-11-03 16:05:16,271 - INFO - 000061 分析完成: good - 近5年中ROE小于5%的年份数: 1
2025-11-03 16:05:16,275 - INFO - 分析结果已保存到: roe_analysis_results.json
2025-11-03 16:05:19,279 - INFO - 第 1 批分析完成
2025-11-03 16:05:19,279 - INFO - 分析第 2 批，共 10 只股票
2025-11-03 16:05:19,279 - INFO - 开始分析 000062 深圳华强
2025-11-03 16:05:20,233 - INFO - 000062 分析完成: good - 近5年中ROE小于5%的年份数: 1
2025-11-03 16:05:20,237 - INFO - 分析结果已保存到: roe_analysis_results.json
2025-11-03 16:05:23,240 - INFO - 开始分析 000063 中兴通讯
2025-11-03 16:05:24,279 - INFO - 000063 分析完成: good - 近5年中ROE小于5%的年份数: 0
2025-11-03 16:05:24,283 - INFO - 分析结果已保存到: roe_analysis_results.json
2025-11-03 16:05:27,285 - INFO - 开始分析 000065 北方国际
2025-11-03 16:05:28,311 - INFO - 000065 分析完成: good - 近5年中ROE小于5%的年份数: 0
2025-11-03 16:05:28,314 - INFO - 分析结果已保存到: roe_analysis_results.json
2025-11-03 16:05:31,316 - INFO - 开始分析 000066 中国长城
2025-11-03 16:05:32,181 - INFO - 000066 分析完成: bad - 近5年中有3年ROE小于5%
2025-11-03 16:05:32,185 - INFO - 分析结果已保存到: roe_analysis_results.json
2025-11-03 16:05:35,187 - INFO - 开始分析 000068 华控赛格
2025-11-03 16:05:36,219 - INFO - 000068 分析完成: bad - 近5年中有4年ROE小于5%
2025-11-03 16:05:36,224 - INFO - 分析结果已保存到: roe_analysis_results.json
2025-11-03 16:05:39,227 - INFO - 开始分析 000069 华侨城Ａ
2025-11-03 16:05:40,224 - INFO - 000069 分析完成: bad - 近5年中有4年ROE小于5%
2025-11-03 16:05:40,229 - INFO - 分析结果已保存到: roe_analysis_results.json
2025-11-03 16:05:43,233 - INFO - 开始分析 000070 特发信息
2025-11-03 16:05:44,645 - INFO - 000070 分析完成: bad - 近5年中有5年ROE小于5%
2025-11-03 16:05:44,649 - INFO - 分析结果已保存到: roe_analysis_results.json
2025-11-03 16:05:47,651 - INFO - 开始分析 000078 海王生物
2025-11-03 16:05:49,019 - INFO - 000078 分析完成: bad - 近5年中有5年ROE小于5%
2025-11-03 16:05:49,025 - INFO - 分析结果已保存到: roe_analysis_results.json
2025-11-03 16:05:52,028 - INFO - 开始分析 000088 盐 田 港
2025-11-03 16:05:53,203 - INFO - 000088 分析完成: good - 近5年中ROE小于5%的年份数: 1
2025-11-03 16:05:53,206 - INFO - 分析结果已保存到: roe_analysis_results.json
2025-11-03 16:05:56,207 - INFO - 开始分析 000089 深圳机场
2025-11-03 16:05:57,287 - INFO - 000089 分析完成: bad - 近5年中有5年ROE小于5%
2025-11-03 16:05:57,287 - INFO - 分析结果已保存到: roe_analysis_results.json
