2025-11-26 10:44:14,298 - __main__ - INFO - 开始分析 sh600362 江西铜业 的15年历史数据
2025-11-26 10:44:15,065 - __main__ - INFO - 分析结果已保存到: analysis_results.json
2025-11-26 10:44:15,066 - __main__ - ERROR - None None 没有获取到当前股价
2025-11-26 10:44:51,591 - __main__ - INFO - 原始股票列表数量: 5453
2025-11-26 10:44:51,598 - __main__ - INFO - 过滤后股票列表数量: 3060
2025-11-26 10:44:51,599 - __main__ - INFO - 开始批量分析，总共 3060 只股票
2025-11-26 10:44:51,693 - __main__ - INFO - 需要分析的股票数量: 3060
2025-11-26 10:44:51,693 - __main__ - INFO - 分析第 1 批，共 15 只股票
2025-11-26 10:44:51,693 - __main__ - INFO - 第 1 批分析完成
2025-11-26 10:44:51,695 - __main__ - INFO - 分析第 2 批，共 15 只股票
2025-11-26 10:44:51,696 - __main__ - INFO - 第 2 批分析完成
2025-11-26 10:44:51,696 - __main__ - INFO - 分析第 3 批，共 15 只股票
2025-11-26 10:44:51,696 - __main__ - INFO - 开始分析 sz000068 华控赛格 的15年历史数据
2025-11-26 10:44:51,696 - __main__ - INFO - 第 3 批分析完成
2025-11-26 10:44:51,696 - __main__ - INFO - 分析第 4 批，共 15 只股票
2025-11-26 10:44:51,697 - __main__ - INFO - 第 4 批分析完成
2025-11-26 10:44:51,697 - __main__ - INFO - 分析第 5 批，共 15 只股票
2025-11-26 10:44:51,697 - __main__ - INFO - 开始分析 sz000401 金隅冀东 的15年历史数据
2025-11-26 10:44:51,697 - __main__ - INFO - 第 5 批分析完成
2025-11-26 10:44:51,697 - __main__ - INFO - 分析第 6 批，共 15 只股票
2025-11-26 10:44:51,698 - __main__ - INFO - 开始分析 sz000426 兴业银锡 的15年历史数据
2025-11-26 10:44:51,698 - __main__ - INFO - 开始分析 sz000506 招金黄金 的15年历史数据
2025-11-26 10:44:51,698 - __main__ - INFO - 第 6 批分析完成
2025-11-26 10:44:51,698 - __main__ - INFO - 分析第 7 批，共 15 只股票
2025-11-26 10:44:51,699 - __main__ - INFO - 开始分析 sz000509 华塑控股 的15年历史数据
2025-11-26 10:44:51,699 - __main__ - INFO - 开始分析 sz000514 渝 开 发 的15年历史数据
2025-11-26 10:44:51,699 - __main__ - INFO - 开始分析 sz000516 国际医学 的15年历史数据
2025-11-26 10:44:51,699 - __main__ - INFO - 开始分析 sz000520 凤凰航运 的15年历史数据
2025-11-26 10:44:51,699 - __main__ - INFO - 开始分析 sz000526 学大教育 的15年历史数据
2025-11-26 10:44:51,699 - __main__ - INFO - 第 7 批分析完成
2025-11-26 10:44:51,699 - __main__ - INFO - 分析第 8 批，共 15 只股票
2025-11-26 10:44:51,699 - __main__ - INFO - 开始分析 sz000531 穗恒运Ａ 的15年历史数据
2025-11-26 10:44:51,699 - __main__ - INFO - 开始分析 sz000536 华映科技 的15年历史数据
2025-11-26 10:44:51,700 - __main__ - INFO - 开始分析 sz000545 金浦钛业 的15年历史数据
2025-11-26 10:44:51,700 - __main__ - INFO - 第 8 批分析完成
2025-11-26 10:44:51,700 - __main__ - INFO - 分析第 9 批，共 15 只股票
2025-11-26 10:44:51,700 - __main__ - INFO - 开始分析 sz000547 航天发展 的15年历史数据
2025-11-26 10:44:51,700 - __main__ - INFO - 开始分析 sz000557 西部创业 的15年历史数据
2025-11-26 10:44:51,700 - __main__ - INFO - 开始分析 sz000560 我爱我家 的15年历史数据
2025-11-26 10:44:51,700 - __main__ - INFO - 开始分析 sz000564 供销大集 的15年历史数据
2025-11-26 10:44:51,700 - __main__ - INFO - 第 9 批分析完成
2025-11-26 10:44:51,701 - __main__ - INFO - 分析第 10 批，共 15 只股票
2025-11-26 10:44:51,701 - __main__ - INFO - 第 10 批分析完成
2025-11-26 10:44:51,701 - __main__ - INFO - 分析第 11 批，共 15 只股票
2025-11-26 10:44:51,701 - __main__ - INFO - 开始分析 sz000592 平潭发展 的15年历史数据
2025-11-26 10:44:51,701 - __main__ - INFO - 开始分析 sz000607 华媒控股 的15年历史数据
2025-11-26 10:44:51,701 - __main__ - INFO - 第 11 批分析完成
2025-11-26 10:44:51,701 - __main__ - INFO - 分析第 12 批，共 15 只股票
2025-11-26 10:44:51,702 - __main__ - INFO - 开始分析 sz000626 远大控股 的15年历史数据
2025-11-26 10:44:51,702 - __main__ - INFO - 开始分析 sz000629 钒钛股份 的15年历史数据
2025-11-26 10:44:51,702 - __main__ - INFO - 开始分析 sz000633 合金投资 的15年历史数据
2025-11-26 10:44:51,702 - __main__ - INFO - 第 12 批分析完成
2025-11-26 10:44:51,702 - __main__ - INFO - 分析第 13 批，共 15 只股票
2025-11-26 10:44:51,702 - __main__ - INFO - 开始分析 sz000670 盈方微 的15年历史数据
2025-11-26 10:44:51,702 - __main__ - INFO - 开始分析 sz000678 襄阳轴承 的15年历史数据
2025-11-26 10:44:51,702 - __main__ - INFO - 第 13 批分析完成
2025-11-26 10:44:51,703 - __main__ - INFO - 分析第 14 批，共 15 只股票
2025-11-26 10:44:51,703 - __main__ - INFO - 开始分析 sz000688 国城矿业 的15年历史数据
2025-11-26 10:44:51,703 - __main__ - INFO - 开始分析 sz000695 滨海能源 的15年历史数据
2025-11-26 10:44:51,703 - __main__ - INFO - 第 14 批分析完成
2025-11-26 10:44:51,703 - __main__ - INFO - 分析第 15 批，共 15 只股票
2025-11-26 10:44:51,703 - __main__ - INFO - 开始分析 sz000710 贝瑞基因 的15年历史数据
2025-11-26 10:44:51,703 - __main__ - INFO - 开始分析 sz000712 锦龙股份 的15年历史数据
2025-11-26 10:44:51,703 - __main__ - INFO - 第 15 批分析完成
2025-11-26 10:44:51,703 - __main__ - INFO - 分析第 16 批，共 15 只股票
2025-11-26 10:44:51,704 - __main__ - INFO - 开始分析 sz000750 国海证券 的15年历史数据
2025-11-26 10:44:51,704 - __main__ - INFO - 第 16 批分析完成
2025-11-26 10:44:51,704 - __main__ - INFO - 分析第 17 批，共 15 只股票
2025-11-26 10:44:51,704 - __main__ - INFO - 开始分析 sz000757 浩物股份 的15年历史数据
2025-11-26 10:44:51,704 - __main__ - INFO - 开始分析 sz000766 通化金马 的15年历史数据
2025-11-26 10:44:51,704 - __main__ - INFO - 第 17 批分析完成
2025-11-26 10:44:51,704 - __main__ - INFO - 分析第 18 批，共 15 只股票
2025-11-26 10:44:51,704 - __main__ - INFO - 开始分析 sz000796 凯撒旅业 的15年历史数据
2025-11-26 10:44:51,704 - __main__ - INFO - 第 18 批分析完成
2025-11-26 10:44:51,705 - __main__ - INFO - 分析第 19 批，共 15 只股票
2025-11-26 10:44:51,705 - __main__ - INFO - 开始分析 sz000812 陕西金叶 的15年历史数据
2025-11-26 10:44:51,705 - __main__ - INFO - 开始分析 sz000813 德展健康 的15年历史数据
2025-11-26 10:44:51,705 - __main__ - INFO - 开始分析 sz000816 智慧农业 的15年历史数据
2025-11-26 10:44:51,705 - __main__ - INFO - 第 19 批分析完成
2025-11-26 10:44:51,705 - __main__ - INFO - 分析第 20 批，共 15 只股票
2025-11-26 10:44:51,705 - __main__ - INFO - 开始分析 sz000829 天音控股 的15年历史数据
2025-11-26 10:44:51,705 - __main__ - INFO - 开始分析 sz000833 粤桂股份 的15年历史数据
2025-11-26 10:44:51,705 - __main__ - INFO - 第 20 批分析完成
2025-11-26 10:44:51,706 - __main__ - INFO - 分析第 21 批，共 15 只股票
2025-11-26 10:44:51,706 - __main__ - INFO - 开始分析 sz000876 新 希 望 的15年历史数据
2025-11-26 10:44:51,706 - __main__ - INFO - 第 21 批分析完成
2025-11-26 10:44:51,706 - __main__ - INFO - 分析第 22 批，共 15 只股票
2025-11-26 10:44:51,706 - __main__ - INFO - 开始分析 sz000901 航天科技 的15年历史数据
2025-11-26 10:44:51,706 - __main__ - INFO - 第 22 批分析完成
2025-11-26 10:44:51,706 - __main__ - INFO - 分析第 23 批，共 15 只股票
2025-11-26 10:44:51,706 - __main__ - INFO - 开始分析 sz000912 泸天化 的15年历史数据
2025-11-26 10:44:51,706 - __main__ - INFO - 开始分析 sz000925 众合科技 的15年历史数据
2025-11-26 10:44:51,707 - __main__ - INFO - 开始分析 sz000930 中粮科技 的15年历史数据
2025-11-26 10:44:51,707 - __main__ - INFO - 第 23 批分析完成
2025-11-26 10:44:51,707 - __main__ - INFO - 分析第 24 批，共 15 只股票
2025-11-26 10:44:51,707 - __main__ - INFO - 第 24 批分析完成
2025-11-26 10:44:51,707 - __main__ - INFO - 分析第 25 批，共 15 只股票
2025-11-26 10:44:51,707 - __main__ - INFO - 开始分析 sz000967 盈峰环境 的15年历史数据
2025-11-26 10:44:51,707 - __main__ - INFO - 第 25 批分析完成
2025-11-26 10:44:51,708 - __main__ - INFO - 分析第 26 批，共 15 只股票
2025-11-26 10:44:51,708 - __main__ - INFO - 开始分析 sz000980 众泰汽车 的15年历史数据
2025-11-26 10:44:51,708 - __main__ - INFO - 开始分析 sz000981 山子高科 的15年历史数据
2025-11-26 10:44:51,708 - __main__ - INFO - 开始分析 sz000995 皇台酒业 的15年历史数据
2025-11-26 10:44:51,708 - __main__ - INFO - 第 26 批分析完成
2025-11-26 10:44:51,708 - __main__ - INFO - 分析第 27 批，共 15 只股票
2025-11-26 10:44:51,708 - __main__ - INFO - 第 27 批分析完成
2025-11-26 10:44:51,708 - __main__ - INFO - 分析第 28 批，共 15 只股票
2025-11-26 10:44:51,708 - __main__ - INFO - 开始分析 sz001233 C海安集团 的15年历史数据
2025-11-26 10:44:51,708 - __main__ - INFO - 第 28 批分析完成
2025-11-26 10:44:51,709 - __main__ - INFO - 分析第 29 批，共 15 只股票
2025-11-26 10:44:51,709 - __main__ - INFO - 第 29 批分析完成
2025-11-26 10:44:51,709 - __main__ - INFO - 分析第 30 批，共 15 只股票
2025-11-26 10:44:51,709 - __main__ - INFO - 第 30 批分析完成
2025-11-26 10:44:51,709 - __main__ - INFO - 分析第 31 批，共 15 只股票
2025-11-26 10:44:51,709 - __main__ - INFO - 第 31 批分析完成
2025-11-26 10:44:51,709 - __main__ - INFO - 分析第 32 批，共 15 只股票
2025-11-26 10:44:51,709 - __main__ - INFO - 第 32 批分析完成
2025-11-26 10:44:51,709 - __main__ - INFO - 分析第 33 批，共 15 只股票
2025-11-26 10:44:51,709 - __main__ - INFO - 第 33 批分析完成
2025-11-26 10:44:51,709 - __main__ - INFO - 分析第 34 批，共 15 只股票
2025-11-26 10:44:51,710 - __main__ - INFO - 开始分析 sz002004 华邦健康 的15年历史数据
2025-11-26 10:44:51,710 - __main__ - INFO - 开始分析 sz002009 天奇股份 的15年历史数据
2025-11-26 10:44:51,710 - __main__ - INFO - 第 34 批分析完成
2025-11-26 10:44:51,710 - __main__ - INFO - 分析第 35 批，共 15 只股票
2025-11-26 10:44:51,710 - __main__ - INFO - 开始分析 sz002021 中捷资源 的15年历史数据
2025-11-26 10:44:51,710 - __main__ - INFO - 开始分析 sz002033 丽江股份 的15年历史数据
2025-11-26 10:44:51,710 - __main__ - INFO - 第 35 批分析完成
2025-11-26 10:44:51,710 - __main__ - INFO - 分析第 36 批，共 15 只股票
2025-11-26 10:44:51,710 - __main__ - INFO - 开始分析 sz002037 保利联合 的15年历史数据
2025-11-26 10:44:51,711 - __main__ - INFO - 开始分析 sz002040 南 京 港 的15年历史数据
2025-11-26 10:44:51,711 - __main__ - INFO - 开始分析 sz002044 美年健康 的15年历史数据
2025-11-26 10:44:51,711 - __main__ - INFO - 开始分析 sz002051 中工国际 的15年历史数据
2025-11-26 10:44:51,711 - __main__ - INFO - 第 36 批分析完成
2025-11-26 10:44:51,711 - __main__ - INFO - 分析第 37 批，共 15 只股票
2025-11-26 10:44:51,711 - __main__ - INFO - 第 37 批分析完成
2025-11-26 10:44:51,711 - __main__ - INFO - 分析第 38 批，共 15 只股票
2025-11-26 10:44:51,712 - __main__ - INFO - 开始分析 sz002072 凯瑞德 的15年历史数据
2025-11-26 10:44:51,712 - __main__ - INFO - 开始分析 sz002075 沙钢股份 的15年历史数据
2025-11-26 10:44:51,712 - __main__ - INFO - 第 38 批分析完成
2025-11-26 10:44:51,712 - __main__ - INFO - 分析第 39 批，共 15 只股票
2025-11-26 10:44:51,712 - __main__ - INFO - 第 39 批分析完成
2025-11-26 10:44:51,712 - __main__ - INFO - 分析第 40 批，共 15 只股票
2025-11-26 10:44:51,712 - __main__ - INFO - 开始分析 sz002103 广博股份 的15年历史数据
2025-11-26 10:44:51,713 - __main__ - INFO - 开始分析 sz002109 兴化股份 的15年历史数据
2025-11-26 10:44:51,713 - __main__ - INFO - 开始分析 sz002114 罗平锌电 的15年历史数据
2025-11-26 10:44:51,713 - __main__ - INFO - 第 40 批分析完成
2025-11-26 10:44:51,713 - __main__ - INFO - 分析第 41 批，共 15 只股票
2025-11-26 10:44:51,713 - __main__ - INFO - 开始分析 sz002135 东南网架 的15年历史数据
2025-11-26 10:44:51,713 - __main__ - INFO - 第 41 批分析完成
2025-11-26 10:44:51,713 - __main__ - INFO - 分析第 42 批，共 15 只股票
2025-11-26 10:44:51,714 - __main__ - INFO - 第 42 批分析完成
2025-11-26 10:44:51,714 - __main__ - INFO - 分析第 43 批，共 15 只股票
2025-11-26 10:44:51,714 - __main__ - INFO - 开始分析 sz002157 正邦科技 的15年历史数据
2025-11-26 10:44:51,714 - __main__ - INFO - 开始分析 sz002160 常铝股份 的15年历史数据
2025-11-26 10:44:51,714 - __main__ - INFO - 开始分析 sz002165 红 宝 丽 的15年历史数据
2025-11-26 10:44:51,714 - __main__ - INFO - 第 43 批分析完成
2025-11-26 10:44:51,714 - __main__ - INFO - 分析第 44 批，共 15 只股票
2025-11-26 10:44:51,714 - __main__ - INFO - 开始分析 sz002171 楚江新材 的15年历史数据
2025-11-26 10:44:51,714 - __main__ - INFO - 开始分析 sz002172 澳洋健康 的15年历史数据
2025-11-26 10:44:51,715 - __main__ - INFO - 开始分析 sz002178 延华智能 的15年历史数据
2025-11-26 10:44:51,715 - __main__ - INFO - 开始分析 sz002180 纳思达 的15年历史数据
2025-11-26 10:44:51,715 - __main__ - INFO - 第 44 批分析完成
2025-11-26 10:44:51,715 - __main__ - INFO - 分析第 45 批，共 15 只股票
2025-11-26 10:44:51,715 - __main__ - INFO - 开始分析 sz002190 成飞集成 的15年历史数据
2025-11-26 10:44:51,715 - __main__ - INFO - 开始分析 sz002193 如意集团 的15年历史数据
2025-11-26 10:44:51,715 - __main__ - INFO - 开始分析 sz002201 九鼎新材 的15年历史数据
2025-11-26 10:44:51,715 - __main__ - INFO - 第 45 批分析完成
2025-11-26 10:44:51,715 - __main__ - INFO - 分析第 46 批，共 15 只股票
2025-11-26 10:44:51,715 - __main__ - INFO - 第 46 批分析完成
2025-11-26 10:44:51,716 - __main__ - INFO - 分析第 47 批，共 15 只股票
2025-11-26 10:44:51,716 - __main__ - INFO - 开始分析 sz002235 安妮股份 的15年历史数据
2025-11-26 10:44:51,716 - __main__ - INFO - 第 47 批分析完成
2025-11-26 10:44:51,716 - __main__ - INFO - 分析第 48 批，共 15 只股票
2025-11-26 10:44:51,716 - __main__ - INFO - 开始分析 sz002239 奥特佳 的15年历史数据
2025-11-26 10:44:51,716 - __main__ - INFO - 开始分析 sz002246 北化股份 的15年历史数据
2025-11-26 10:44:51,716 - __main__ - INFO - 第 48 批分析完成
2025-11-26 10:44:51,716 - __main__ - INFO - 分析第 49 批，共 15 只股票
2025-11-26 10:44:51,716 - __main__ - INFO - 第 49 批分析完成
2025-11-26 10:44:51,716 - __main__ - INFO - 分析第 50 批，共 15 只股票
2025-11-26 10:44:51,717 - __main__ - INFO - 第 50 批分析完成
2025-11-26 10:44:51,717 - __main__ - INFO - 分析第 51 批，共 15 只股票
2025-11-26 10:44:51,717 - __main__ - INFO - 开始分析 sz002297 博云新材 的15年历史数据
2025-11-26 10:44:51,717 - __main__ - INFO - 开始分析 sz002298 中电鑫龙 的15年历史数据
2025-11-26 10:44:51,717 - __main__ - INFO - 第 51 批分析完成
2025-11-26 10:44:51,717 - __main__ - INFO - 分析第 52 批，共 15 只股票
2025-11-26 10:44:51,717 - __main__ - INFO - 开始分析 sz002313 日海智能 的15年历史数据
2025-11-26 10:44:51,717 - __main__ - INFO - 第 52 批分析完成
2025-11-26 10:44:51,717 - __main__ - INFO - 分析第 53 批，共 15 只股票
2025-11-26 10:44:51,718 - __main__ - INFO - 开始分析 sz002323 雅博股份 的15年历史数据
2025-11-26 10:44:51,718 - __main__ - INFO - 开始分析 sz002324 普利特 的15年历史数据
2025-11-26 10:44:51,718 - __main__ - INFO - 开始分析 sz002329 皇氏集团 的15年历史数据
2025-11-26 10:44:51,718 - __main__ - INFO - 第 53 批分析完成
2025-11-26 10:44:51,718 - __main__ - INFO - 分析第 54 批，共 15 只股票
2025-11-26 10:44:51,718 - __main__ - INFO - 第 54 批分析完成
2025-11-26 10:44:51,718 - __main__ - INFO - 分析第 55 批，共 15 只股票
2025-11-26 10:44:51,718 - __main__ - INFO - 开始分析 sz002354 天娱数科 的15年历史数据
2025-11-26 10:44:51,719 - __main__ - INFO - 开始分析 sz002356 赫美集团 的15年历史数据
2025-11-26 10:44:51,719 - __main__ - INFO - 开始分析 sz002366 融发核电 的15年历史数据
2025-11-26 10:44:51,719 - __main__ - INFO - 第 55 批分析完成
2025-11-26 10:44:51,719 - __main__ - INFO - 分析第 56 批，共 15 只股票
2025-11-26 10:44:51,719 - __main__ - INFO - 开始分析 sz002377 国创高新 的15年历史数据
2025-11-26 10:44:51,719 - __main__ - INFO - 开始分析 sz002382 蓝帆医疗 的15年历史数据
2025-11-26 10:44:51,719 - __main__ - INFO - 开始分析 sz002383 合众思壮 的15年历史数据
2025-11-26 10:44:51,719 - __main__ - INFO - 第 56 批分析完成
2025-11-26 10:44:51,719 - __main__ - INFO - 分析第 57 批，共 15 只股票
2025-11-26 10:44:51,719 - __main__ - INFO - 开始分析 sz002389 航天彩虹 的15年历史数据
2025-11-26 10:44:51,720 - __main__ - INFO - 第 57 批分析完成
2025-11-26 10:44:51,720 - __main__ - INFO - 分析第 58 批，共 15 只股票
2025-11-26 10:44:51,720 - __main__ - INFO - 第 58 批分析完成
2025-11-26 10:44:51,720 - __main__ - INFO - 分析第 59 批，共 15 只股票
2025-11-26 10:44:51,720 - __main__ - INFO - 第 59 批分析完成
2025-11-26 10:44:51,720 - __main__ - INFO - 分析第 60 批，共 15 只股票
2025-11-26 10:44:51,720 - __main__ - INFO - 开始分析 sz002437 誉衡药业 的15年历史数据
2025-11-26 10:44:51,720 - __main__ - INFO - 开始分析 sz002446 盛路通信 的15年历史数据
2025-11-26 10:44:51,720 - __main__ - INFO - 第 60 批分析完成
2025-11-26 10:44:51,721 - __main__ - INFO - 分析第 61 批，共 15 只股票
2025-11-26 10:44:51,721 - __main__ - INFO - 第 61 批分析完成
2025-11-26 10:44:51,721 - __main__ - INFO - 分析第 62 批，共 15 只股票
2025-11-26 10:44:51,721 - __main__ - INFO - 开始分析 sz002476 宝莫股份 的15年历史数据
2025-11-26 10:44:51,721 - __main__ - INFO - 开始分析 sz002481 双塔食品 的15年历史数据
2025-11-26 10:44:51,721 - __main__ - INFO - 第 62 批分析完成
2025-11-26 10:44:51,721 - __main__ - INFO - 分析第 63 批，共 15 只股票
2025-11-26 10:44:51,721 - __main__ - INFO - 第 63 批分析完成
2025-11-26 10:44:51,721 - __main__ - INFO - 分析第 64 批，共 15 只股票
2025-11-26 10:44:51,721 - __main__ - INFO - 开始分析 sz002514 宝馨科技 的15年历史数据
2025-11-26 10:44:51,722 - __main__ - INFO - 第 64 批分析完成
2025-11-26 10:44:51,722 - __main__ - INFO - 分析第 65 批，共 15 只股票
2025-11-26 10:44:51,722 - __main__ - INFO - 开始分析 sz002527 新时达 的15年历史数据
2025-11-26 10:44:51,722 - __main__ - INFO - 开始分析 sz002530 金财互联 的15年历史数据
2025-11-26 10:44:51,722 - __main__ - INFO - 开始分析 sz002537 海联金汇 的15年历史数据
2025-11-26 10:44:51,722 - __main__ - INFO - 第 65 批分析完成
2025-11-26 10:44:51,722 - __main__ - INFO - 分析第 66 批，共 15 只股票
2025-11-26 10:44:51,722 - __main__ - INFO - 开始分析 sz002542 中化岩土 的15年历史数据
2025-11-26 10:44:51,722 - __main__ - INFO - 开始分析 sz002546 新联电子 的15年历史数据
2025-11-26 10:44:51,723 - __main__ - INFO - 第 66 批分析完成
2025-11-26 10:44:51,723 - __main__ - INFO - 分析第 67 批，共 15 只股票
2025-11-26 10:44:51,723 - __main__ - INFO - 开始分析 sz002567 唐人神 的15年历史数据
2025-11-26 10:44:51,723 - __main__ - INFO - 第 67 批分析完成
2025-11-26 10:44:51,723 - __main__ - INFO - 分析第 68 批，共 15 只股票
2025-11-26 10:44:51,723 - __main__ - INFO - 开始分析 sz002575 群兴玩具 的15年历史数据
2025-11-26 10:44:51,723 - __main__ - INFO - 开始分析 sz002579 中京电子 的15年历史数据
2025-11-26 10:44:51,723 - __main__ - INFO - 第 68 批分析完成
2025-11-26 10:44:51,723 - __main__ - INFO - 分析第 69 批，共 15 只股票
2025-11-26 10:44:51,723 - __main__ - INFO - 开始分析 sz002602 世纪华通 的15年历史数据
2025-11-26 10:44:51,724 - __main__ - INFO - 第 69 批分析完成
2025-11-26 10:44:51,724 - __main__ - INFO - 分析第 70 批，共 15 只股票
2025-11-26 10:44:51,724 - __main__ - INFO - 开始分析 sz002608 江苏国信 的15年历史数据
2025-11-26 10:44:51,724 - __main__ - INFO - 第 70 批分析完成
2025-11-26 10:44:51,724 - __main__ - INFO - 分析第 71 批，共 15 只股票
2025-11-26 10:44:51,724 - __main__ - INFO - 开始分析 sz002635 安洁科技 的15年历史数据
2025-11-26 10:44:51,724 - __main__ - INFO - 第 71 批分析完成
2025-11-26 10:44:51,724 - __main__ - INFO - 分析第 72 批，共 15 只股票
2025-11-26 10:44:51,724 - __main__ - INFO - 开始分析 sz002645 华宏科技 的15年历史数据
2025-11-26 10:44:51,725 - __main__ - INFO - 开始分析 sz002652 扬子新材 的15年历史数据
2025-11-26 10:44:51,725 - __main__ - INFO - 开始分析 sz002659 凯文教育 的15年历史数据
2025-11-26 10:44:51,725 - __main__ - INFO - 第 72 批分析完成
2025-11-26 10:44:51,725 - __main__ - INFO - 分析第 73 批，共 15 只股票
2025-11-26 10:44:51,725 - __main__ - INFO - 开始分析 sz002663 普邦股份 的15年历史数据
2025-11-26 10:44:51,725 - __main__ - INFO - 开始分析 sz002675 东诚药业 的15年历史数据
2025-11-26 10:44:51,725 - __main__ - INFO - 第 73 批分析完成
2025-11-26 10:44:51,725 - __main__ - INFO - 分析第 74 批，共 15 只股票
2025-11-26 10:44:51,725 - __main__ - INFO - 第 74 批分析完成
2025-11-26 10:44:51,726 - __main__ - INFO - 分析第 75 批，共 15 只股票
2025-11-26 10:44:51,726 - __main__ - INFO - 开始分析 sz002696 百洋股份 的15年历史数据
2025-11-26 10:44:51,726 - __main__ - INFO - 第 75 批分析完成
2025-11-26 10:44:51,726 - __main__ - INFO - 分析第 76 批，共 15 只股票
2025-11-26 10:44:51,726 - __main__ - INFO - 开始分析 sz002725 跃岭股份 的15年历史数据
2025-11-26 10:44:51,726 - __main__ - INFO - 第 76 批分析完成
2025-11-26 10:44:51,727 - __main__ - INFO - 分析第 77 批，共 15 只股票
2025-11-26 10:44:51,727 - __main__ - INFO - 开始分析 sz002739 万达电影 的15年历史数据
2025-11-26 10:44:51,727 - __main__ - INFO - 开始分析 sz002745 木林森 的15年历史数据
2025-11-26 10:44:51,727 - __main__ - INFO - 第 77 批分析完成
2025-11-26 10:44:51,727 - __main__ - INFO - 分析第 78 批，共 15 只股票
2025-11-26 10:44:51,727 - __main__ - INFO - 第 78 批分析完成
2025-11-26 10:44:51,727 - __main__ - INFO - 分析第 79 批，共 15 只股票
2025-11-26 10:44:51,728 - __main__ - INFO - 第 79 批分析完成
2025-11-26 10:44:51,728 - __main__ - INFO - 分析第 80 批，共 15 只股票
2025-11-26 10:44:51,728 - __main__ - INFO - 第 80 批分析完成
2025-11-26 10:44:51,728 - __main__ - INFO - 分析第 81 批，共 15 只股票
2025-11-26 10:44:51,728 - __main__ - INFO - 第 81 批分析完成
2025-11-26 10:44:51,728 - __main__ - INFO - 分析第 82 批，共 15 只股票
2025-11-26 10:44:51,728 - __main__ - INFO - 第 82 批分析完成
2025-11-26 10:44:51,728 - __main__ - INFO - 分析第 83 批，共 15 只股票
2025-11-26 10:44:51,729 - __main__ - INFO - 第 83 批分析完成
2025-11-26 10:44:51,729 - __main__ - INFO - 分析第 84 批，共 15 只股票
2025-11-26 10:44:51,729 - __main__ - INFO - 第 84 批分析完成
2025-11-26 10:44:51,729 - __main__ - INFO - 分析第 85 批，共 15 只股票
2025-11-26 10:44:51,729 - __main__ - INFO - 第 85 批分析完成
2025-11-26 10:44:51,729 - __main__ - INFO - 分析第 86 批，共 15 只股票
2025-11-26 10:44:51,729 - __main__ - INFO - 第 86 批分析完成
2025-11-26 10:44:51,729 - __main__ - INFO - 分析第 87 批，共 15 只股票
2025-11-26 10:44:51,730 - __main__ - INFO - 第 87 批分析完成
2025-11-26 10:44:51,730 - __main__ - INFO - 分析第 88 批，共 15 只股票
2025-11-26 10:44:51,730 - __main__ - INFO - 第 88 批分析完成
2025-11-26 10:44:51,730 - __main__ - INFO - 分析第 89 批，共 15 只股票
2025-11-26 10:44:51,730 - __main__ - INFO - 第 89 批分析完成
2025-11-26 10:44:51,730 - __main__ - INFO - 分析第 90 批，共 15 只股票
2025-11-26 10:44:51,730 - __main__ - INFO - 第 90 批分析完成
2025-11-26 10:44:51,730 - __main__ - INFO - 分析第 91 批，共 15 只股票
2025-11-26 10:44:51,730 - __main__ - INFO - 第 91 批分析完成
2025-11-26 10:44:51,731 - __main__ - INFO - 分析第 92 批，共 15 只股票
2025-11-26 10:44:51,731 - __main__ - INFO - 第 92 批分析完成
2025-11-26 10:44:51,731 - __main__ - INFO - 分析第 93 批，共 15 只股票
2025-11-26 10:44:51,731 - __main__ - INFO - 第 93 批分析完成
2025-11-26 10:44:51,731 - __main__ - INFO - 分析第 94 批，共 15 只股票
2025-11-26 10:44:51,731 - __main__ - INFO - 第 94 批分析完成
2025-11-26 10:44:51,731 - __main__ - INFO - 分析第 95 批，共 15 只股票
2025-11-26 10:44:51,731 - __main__ - INFO - 第 95 批分析完成
2025-11-26 10:44:51,731 - __main__ - INFO - 分析第 96 批，共 15 只股票
2025-11-26 10:44:51,731 - __main__ - INFO - 第 96 批分析完成
2025-11-26 10:44:51,731 - __main__ - INFO - 分析第 97 批，共 15 只股票
2025-11-26 10:44:51,732 - __main__ - INFO - 开始分析 sh600051 宁波联合 的15年历史数据
2025-11-26 10:44:51,732 - __main__ - INFO - 开始分析 sh600058 五矿发展 的15年历史数据
2025-11-26 10:44:51,732 - __main__ - INFO - 第 97 批分析完成
2025-11-26 10:44:51,732 - __main__ - INFO - 分析第 98 批，共 15 只股票
2025-11-26 10:44:51,732 - __main__ - INFO - 第 98 批分析完成
2025-11-26 10:44:51,732 - __main__ - INFO - 分析第 99 批，共 15 只股票
2025-11-26 10:44:51,732 - __main__ - INFO - 开始分析 sh600084 中信尼雅 的15年历史数据
2025-11-26 10:44:51,732 - __main__ - INFO - 开始分析 sh600103 青山纸业 的15年历史数据
2025-11-26 10:44:51,732 - __main__ - INFO - 第 99 批分析完成
2025-11-26 10:44:51,732 - __main__ - INFO - 分析第 100 批，共 15 只股票
2025-11-26 10:44:51,733 - __main__ - INFO - 开始分析 sh600105 永鼎股份 的15年历史数据
2025-11-26 10:44:51,733 - __main__ - INFO - 开始分析 sh600106 重庆路桥 的15年历史数据
2025-11-26 10:44:51,733 - __main__ - INFO - 开始分析 sh600110 诺德股份 的15年历史数据
2025-11-26 10:44:51,733 - __main__ - INFO - 开始分析 sh600120 浙江东方 的15年历史数据
2025-11-26 10:44:51,733 - __main__ - INFO - 第 100 批分析完成
2025-11-26 10:44:51,733 - __main__ - INFO - 分析第 101 批，共 15 只股票
2025-11-26 10:44:51,733 - __main__ - INFO - 开始分析 sh600121 郑州煤电 的15年历史数据
2025-11-26 10:44:51,733 - __main__ - INFO - 第 101 批分析完成
2025-11-26 10:44:51,734 - __main__ - INFO - 分析第 102 批，共 15 只股票
2025-11-26 10:44:51,734 - __main__ - INFO - 开始分析 sh600150 中国船舶 的15年历史数据
2025-11-26 10:44:51,734 - __main__ - INFO - 开始分析 sh600151 航天机电 的15年历史数据
2025-11-26 10:44:51,734 - __main__ - INFO - 开始分析 sh600152 维科技术 的15年历史数据
2025-11-26 10:44:51,734 - __main__ - INFO - 开始分析 sh600155 华创云信 的15年历史数据
2025-11-26 10:44:51,734 - __main__ - INFO - 开始分析 sh600156 华升股份 的15年历史数据
2025-11-26 10:44:51,734 - __main__ - INFO - 开始分析 sh600157 永泰能源 的15年历史数据
2025-11-26 10:44:51,734 - __main__ - INFO - 开始分析 sh600162 香江控股 的15年历史数据
2025-11-26 10:44:51,735 - __main__ - INFO - 第 102 批分析完成
2025-11-26 10:44:51,735 - __main__ - INFO - 分析第 103 批，共 15 只股票
2025-11-26 10:44:51,735 - __main__ - INFO - 开始分析 sh600168 武汉控股 的15年历史数据
2025-11-26 10:44:51,735 - __main__ - INFO - 第 103 批分析完成
2025-11-26 10:44:51,735 - __main__ - INFO - 分析第 104 批，共 15 只股票
2025-11-26 10:44:51,735 - __main__ - INFO - 开始分析 sh600187 国中水务 的15年历史数据
2025-11-26 10:44:51,735 - __main__ - INFO - 开始分析 sh600189 泉阳泉 的15年历史数据
2025-11-26 10:44:51,735 - __main__ - INFO - 第 104 批分析完成
2025-11-26 10:44:51,735 - __main__ - INFO - 分析第 105 批，共 15 只股票
2025-11-26 10:44:51,735 - __main__ - INFO - 开始分析 sh600207 安彩高科 的15年历史数据
2025-11-26 10:44:51,736 - __main__ - INFO - 开始分析 sh600212 绿能慧充 的15年历史数据
2025-11-26 10:44:51,736 - __main__ - INFO - 开始分析 sh600217 中再资环 的15年历史数据
2025-11-26 10:44:51,736 - __main__ - INFO - 第 105 批分析完成
2025-11-26 10:44:51,736 - __main__ - INFO - 分析第 106 批，共 15 只股票
2025-11-26 10:44:51,736 - __main__ - INFO - 开始分析 sh600227 赤天化 的15年历史数据
2025-11-26 10:44:51,736 - __main__ - INFO - 开始分析 sh600234 科新发展 的15年历史数据
2025-11-26 10:44:51,736 - __main__ - INFO - 开始分析 sh600237 铜峰电子 的15年历史数据
2025-11-26 10:44:51,737 - __main__ - INFO - 开始分析 sh600239 云南城投 的15年历史数据
2025-11-26 10:44:51,737 - __main__ - INFO - 开始分析 sh600241 时代万恒 的15年历史数据
2025-11-26 10:44:51,737 - __main__ - INFO - 第 106 批分析完成
2025-11-26 10:44:51,737 - __main__ - INFO - 分析第 107 批，共 15 只股票
2025-11-26 10:44:51,737 - __main__ - INFO - 开始分析 sh600250 南京商旅 的15年历史数据
2025-11-26 10:44:51,737 - __main__ - INFO - 开始分析 sh600257 大湖股份 的15年历史数据
2025-11-26 10:44:51,737 - __main__ - INFO - 第 107 批分析完成
2025-11-26 10:44:51,737 - __main__ - INFO - 分析第 108 批，共 15 只股票
2025-11-26 10:44:51,737 - __main__ - INFO - 开始分析 sh600288 大恒科技 的15年历史数据
2025-11-26 10:44:51,738 - __main__ - INFO - 第 108 批分析完成
2025-11-26 10:44:51,738 - __main__ - INFO - 分析第 109 批，共 15 只股票
2025-11-26 10:44:51,738 - __main__ - INFO - 开始分析 sh600303 曙光股份 的15年历史数据
2025-11-26 10:44:51,738 - __main__ - INFO - 第 109 批分析完成
2025-11-26 10:44:51,738 - __main__ - INFO - 分析第 110 批，共 15 只股票
2025-11-26 10:44:51,738 - __main__ - INFO - 开始分析 sh600318 新力金融 的15年历史数据
2025-11-26 10:44:51,738 - __main__ - INFO - 开始分析 sh600319 亚星化学 的15年历史数据
2025-11-26 10:44:51,738 - __main__ - INFO - 开始分析 sh600331 宏达股份 的15年历史数据
2025-11-26 10:44:51,739 - __main__ - INFO - 第 110 批分析完成
2025-11-26 10:44:51,739 - __main__ - INFO - 分析第 111 批，共 15 只股票
2025-11-26 10:44:51,739 - __main__ - INFO - 开始分析 sh600338 西藏珠峰 的15年历史数据
2025-11-26 10:44:51,739 - __main__ - INFO - 开始分析 sh600354 敦煌种业 的15年历史数据
2025-11-26 10:44:51,739 - __main__ - INFO - 第 111 批分析完成
2025-11-26 10:44:51,739 - __main__ - INFO - 分析第 112 批，共 15 只股票
2025-11-26 10:44:51,739 - __main__ - INFO - 开始分析 sh600370 三房巷 的15年历史数据
2025-11-26 10:44:51,739 - __main__ - INFO - 开始分析 sh600375 汉马科技 的15年历史数据
2025-11-26 10:44:51,739 - __main__ - INFO - 第 112 批分析完成
2025-11-26 10:44:51,739 - __main__ - INFO - 分析第 113 批，共 15 只股票
2025-11-26 10:44:51,740 - __main__ - INFO - 第 113 批分析完成
2025-11-26 10:44:51,740 - __main__ - INFO - 分析第 114 批，共 15 只股票
2025-11-26 10:44:51,740 - __main__ - INFO - 开始分析 sh600399 抚顺特钢 的15年历史数据
2025-11-26 10:44:51,740 - __main__ - INFO - 第 114 批分析完成
2025-11-26 10:44:51,740 - __main__ - INFO - 分析第 115 批，共 15 只股票
2025-11-26 10:44:51,740 - __main__ - INFO - 开始分析 sh600429 三元股份 的15年历史数据
2025-11-26 10:44:51,740 - __main__ - INFO - 第 115 批分析完成
2025-11-26 10:44:51,740 - __main__ - INFO - 分析第 116 批，共 15 只股票
2025-11-26 10:44:51,741 - __main__ - INFO - 第 116 批分析完成
2025-11-26 10:44:51,741 - __main__ - INFO - 分析第 117 批，共 15 只股票
2025-11-26 10:44:51,741 - __main__ - INFO - 开始分析 sh600490 鹏欣资源 的15年历史数据
2025-11-26 10:44:51,741 - __main__ - INFO - 第 117 批分析完成
2025-11-26 10:44:51,741 - __main__ - INFO - 分析第 118 批，共 15 只股票
2025-11-26 10:44:51,741 - __main__ - INFO - 第 118 批分析完成
2025-11-26 10:44:51,741 - __main__ - INFO - 分析第 119 批，共 15 只股票
2025-11-26 10:44:51,741 - __main__ - INFO - 开始分析 sh600530 交大昂立 的15年历史数据
2025-11-26 10:44:51,741 - __main__ - INFO - 第 119 批分析完成
2025-11-26 10:44:51,741 - __main__ - INFO - 分析第 120 批，共 15 只股票
2025-11-26 10:44:51,742 - __main__ - INFO - 开始分析 sh600538 国发股份 的15年历史数据
2025-11-26 10:44:51,742 - __main__ - INFO - 第 120 批分析完成
2025-11-26 10:44:51,742 - __main__ - INFO - 分析第 121 批，共 15 只股票
2025-11-26 10:44:51,742 - __main__ - INFO - 开始分析 sh600552 凯盛科技 的15年历史数据
2025-11-26 10:44:51,742 - __main__ - INFO - 开始分析 sh600556 天下秀 的15年历史数据
2025-11-26 10:44:51,742 - __main__ - INFO - 第 121 批分析完成
2025-11-26 10:44:51,742 - __main__ - INFO - 分析第 122 批，共 15 只股票
2025-11-26 10:44:51,742 - __main__ - INFO - 开始分析 sh600575 淮河能源 的15年历史数据
2025-11-26 10:44:51,743 - __main__ - INFO - 开始分析 sh600576 祥源文旅 的15年历史数据
2025-11-26 10:44:51,743 - __main__ - INFO - 开始分析 sh600579 中化装备 的15年历史数据
2025-11-26 10:44:51,743 - __main__ - INFO - 第 122 批分析完成
2025-11-26 10:44:51,743 - __main__ - INFO - 分析第 123 批，共 15 只股票
2025-11-26 10:44:51,743 - __main__ - INFO - 第 123 批分析完成
2025-11-26 10:44:51,743 - __main__ - INFO - 分析第 124 批，共 15 只股票
2025-11-26 10:44:51,743 - __main__ - INFO - 开始分析 sh600606 绿地控股 的15年历史数据
2025-11-26 10:44:51,743 - __main__ - INFO - 开始分析 sh600619 海立股份 的15年历史数据
2025-11-26 10:44:51,744 - __main__ - INFO - 开始分析 sh600623 华谊集团 的15年历史数据
2025-11-26 10:44:51,744 - __main__ - INFO - 第 124 批分析完成
2025-11-26 10:44:51,744 - __main__ - INFO - 分析第 125 批，共 15 只股票
2025-11-26 10:44:51,744 - __main__ - INFO - 开始分析 sh600626 申达股份 的15年历史数据
2025-11-26 10:44:51,744 - __main__ - INFO - 开始分析 sh600645 中源协和 的15年历史数据
2025-11-26 10:44:51,744 - __main__ - INFO - 第 125 批分析完成
2025-11-26 10:44:51,744 - __main__ - INFO - 分析第 126 批，共 15 只股票
2025-11-26 10:44:51,744 - __main__ - INFO - 开始分析 sh600649 城投控股 的15年历史数据
2025-11-26 10:44:51,744 - __main__ - INFO - 开始分析 sh600654 中安科 的15年历史数据
2025-11-26 10:44:51,745 - __main__ - INFO - 第 126 批分析完成
2025-11-26 10:44:51,745 - __main__ - INFO - 分析第 127 批，共 15 只股票
2025-11-26 10:44:51,745 - __main__ - INFO - 开始分析 sh600666 奥瑞德 的15年历史数据
2025-11-26 10:44:51,745 - __main__ - INFO - 开始分析 sh600671 天目药业 的15年历史数据
2025-11-26 10:44:51,745 - __main__ - INFO - 开始分析 sh600673 东阳光 的15年历史数据
2025-11-26 10:44:51,745 - __main__ - INFO - 开始分析 sh600678 四川金顶 的15年历史数据
2025-11-26 10:44:51,745 - __main__ - INFO - 开始分析 sh600682 南京新百 的15年历史数据
2025-11-26 10:44:51,745 - __main__ - INFO - 开始分析 sh600685 中船防务 的15年历史数据
2025-11-26 10:44:51,746 - __main__ - INFO - 第 127 批分析完成
2025-11-26 10:44:51,746 - __main__ - INFO - 分析第 128 批，共 15 只股票
2025-11-26 10:44:51,746 - __main__ - INFO - 开始分析 sh600686 金龙汽车 的15年历史数据
2025-11-26 10:44:51,746 - __main__ - INFO - 开始分析 sh600698 湖南天雁 的15年历史数据
2025-11-26 10:44:51,746 - __main__ - INFO - 第 128 批分析完成
2025-11-26 10:44:51,746 - __main__ - INFO - 分析第 129 批，共 15 只股票
2025-11-26 10:44:51,746 - __main__ - INFO - 开始分析 sh600711 盛屯矿业 的15年历史数据
2025-11-26 10:44:51,747 - __main__ - INFO - 开始分析 sh600714 金瑞矿业 的15年历史数据
2025-11-26 10:44:51,747 - __main__ - INFO - 开始分析 sh600715 文投控股 的15年历史数据
2025-11-26 10:44:51,747 - __main__ - INFO - 开始分析 sh600716 凤凰股份 的15年历史数据
2025-11-26 10:44:51,747 - __main__ - INFO - 开始分析 sh600721 百花医药 的15年历史数据
2025-11-26 10:44:51,747 - __main__ - INFO - 第 129 批分析完成
2025-11-26 10:44:51,747 - __main__ - INFO - 分析第 130 批，共 15 只股票
2025-11-26 10:44:51,748 - __main__ - INFO - 开始分析 sh600727 鲁北化工 的15年历史数据
2025-11-26 10:44:51,748 - __main__ - INFO - 开始分析 sh600728 佳都科技 的15年历史数据
2025-11-26 10:44:51,748 - __main__ - INFO - 开始分析 sh600732 爱旭股份 的15年历史数据
2025-11-26 10:44:51,748 - __main__ - INFO - 开始分析 sh600733 北汽蓝谷 的15年历史数据
2025-11-26 10:44:51,748 - __main__ - INFO - 第 130 批分析完成
2025-11-26 10:44:51,748 - __main__ - INFO - 分析第 131 批，共 15 只股票
2025-11-26 10:44:51,749 - __main__ - INFO - 开始分析 sh600745 闻泰科技 的15年历史数据
2025-11-26 10:44:51,749 - __main__ - INFO - 开始分析 sh600746 江苏索普 的15年历史数据
2025-11-26 10:44:51,749 - __main__ - INFO - 开始分析 sh600749 西藏旅游 的15年历史数据
2025-11-26 10:44:51,749 - __main__ - INFO - 开始分析 sh600754 锦江酒店 的15年历史数据
2025-11-26 10:44:51,749 - __main__ - INFO - 第 131 批分析完成
2025-11-26 10:44:51,749 - __main__ - INFO - 分析第 132 批，共 15 只股票
2025-11-26 10:44:51,749 - __main__ - INFO - 开始分析 sh600768 宁波富邦 的15年历史数据
2025-11-26 10:44:51,749 - __main__ - INFO - 开始分析 sh600771 广誉远 的15年历史数据
2025-11-26 10:44:51,750 - __main__ - INFO - 第 132 批分析完成
2025-11-26 10:44:51,750 - __main__ - INFO - 分析第 133 批，共 15 只股票
2025-11-26 10:44:51,750 - __main__ - INFO - 开始分析 sh600793 宜宾纸业 的15年历史数据
2025-11-26 10:44:51,750 - __main__ - INFO - 第 133 批分析完成
2025-11-26 10:44:51,750 - __main__ - INFO - 分析第 134 批，共 15 只股票
2025-11-26 10:44:51,750 - __main__ - INFO - 开始分析 sh600807 济高发展 的15年历史数据
2025-11-26 10:44:51,750 - __main__ - INFO - 第 134 批分析完成
2025-11-26 10:44:51,750 - __main__ - INFO - 分析第 135 批，共 15 只股票
2025-11-26 10:44:51,750 - __main__ - INFO - 开始分析 sh600818 中路股份 的15年历史数据
2025-11-26 10:44:51,750 - __main__ - INFO - 第 135 批分析完成
2025-11-26 10:44:51,751 - __main__ - INFO - 分析第 136 批，共 15 只股票
2025-11-26 10:44:51,751 - __main__ - INFO - 开始分析 sh600844 金煤科技 的15年历史数据
2025-11-26 10:44:51,751 - __main__ - INFO - 开始分析 sh600847 万里股份 的15年历史数据
2025-11-26 10:44:51,751 - __main__ - INFO - 第 136 批分析完成
2025-11-26 10:44:51,751 - __main__ - INFO - 分析第 137 批，共 15 只股票
2025-11-26 10:44:51,751 - __main__ - INFO - 开始分析 sh600855 航天长峰 的15年历史数据
2025-11-26 10:44:51,751 - __main__ - INFO - 开始分析 sh600859 王府井 的15年历史数据
2025-11-26 10:44:51,751 - __main__ - INFO - 开始分析 sh600864 哈投股份 的15年历史数据
2025-11-26 10:44:51,752 - __main__ - INFO - 第 137 批分析完成
2025-11-26 10:44:51,752 - __main__ - INFO - 分析第 138 批，共 15 只股票
2025-11-26 10:44:51,752 - __main__ - INFO - 第 138 批分析完成
2025-11-26 10:44:51,752 - __main__ - INFO - 分析第 139 批，共 15 只股票
2025-11-26 10:44:51,752 - __main__ - INFO - 第 139 批分析完成
2025-11-26 10:44:51,752 - __main__ - INFO - 分析第 140 批，共 15 只股票
2025-11-26 10:44:51,752 - __main__ - INFO - 第 140 批分析完成
2025-11-26 10:44:51,752 - __main__ - INFO - 分析第 141 批，共 15 只股票
2025-11-26 10:44:51,753 - __main__ - INFO - 开始分析 sh600960 渤海汽车 的15年历史数据
2025-11-26 10:44:51,753 - __main__ - INFO - 第 141 批分析完成
2025-11-26 10:44:51,753 - __main__ - INFO - 分析第 142 批，共 15 只股票
2025-11-26 10:44:51,753 - __main__ - INFO - 开始分析 sh600973 宝胜股份 的15年历史数据
2025-11-26 10:44:51,753 - __main__ - INFO - 开始分析 sh600979 广安爱众 的15年历史数据
2025-11-26 10:44:51,753 - __main__ - INFO - 开始分析 sh600981 苏豪汇鸿 的15年历史数据
2025-11-26 10:44:51,753 - __main__ - INFO - 开始分析 sh600984 建设机械 的15年历史数据
2025-11-26 10:44:51,753 - __main__ - INFO - 开始分析 sh600986 浙文互联 的15年历史数据
2025-11-26 10:44:51,753 - __main__ - INFO - 第 142 批分析完成
2025-11-26 10:44:51,754 - __main__ - INFO - 分析第 143 批，共 15 只股票
2025-11-26 10:44:51,754 - __main__ - INFO - 开始分析 sh600990 四创电子 的15年历史数据
2025-11-26 10:44:51,754 - __main__ - INFO - 开始分析 sh601003 柳钢股份 的15年历史数据
2025-11-26 10:44:51,754 - __main__ - INFO - 开始分析 sh601005 重庆钢铁 的15年历史数据
2025-11-26 10:44:51,754 - __main__ - INFO - 第 143 批分析完成
2025-11-26 10:44:51,754 - __main__ - INFO - 分析第 144 批，共 15 只股票
2025-11-26 10:44:51,754 - __main__ - INFO - 第 144 批分析完成
2025-11-26 10:44:51,754 - __main__ - INFO - 分析第 145 批，共 15 只股票
2025-11-26 10:44:51,754 - __main__ - INFO - 第 145 批分析完成
2025-11-26 10:44:51,755 - __main__ - INFO - 分析第 146 批，共 15 只股票
2025-11-26 10:44:51,755 - __main__ - INFO - 第 146 批分析完成
2025-11-26 10:44:51,755 - __main__ - INFO - 分析第 147 批，共 15 只股票
2025-11-26 10:44:51,755 - __main__ - INFO - 第 147 批分析完成
2025-11-26 10:44:51,755 - __main__ - INFO - 分析第 148 批，共 15 只股票
2025-11-26 10:44:51,755 - __main__ - INFO - 第 148 批分析完成
2025-11-26 10:44:51,755 - __main__ - INFO - 分析第 149 批，共 15 只股票
2025-11-26 10:44:51,755 - __main__ - INFO - 第 149 批分析完成
2025-11-26 10:44:51,755 - __main__ - INFO - 分析第 150 批，共 15 只股票
2025-11-26 10:44:51,756 - __main__ - INFO - 开始分析 sh601388 怡球资源 的15年历史数据
2025-11-26 10:44:51,756 - __main__ - INFO - 第 150 批分析完成
2025-11-26 10:44:51,756 - __main__ - INFO - 分析第 151 批，共 15 只股票
2025-11-26 10:44:51,756 - __main__ - INFO - 开始分析 sh601519 大智慧 的15年历史数据
2025-11-26 10:44:51,756 - __main__ - INFO - 第 151 批分析完成
2025-11-26 10:44:51,756 - __main__ - INFO - 分析第 152 批，共 15 只股票
2025-11-26 10:44:51,756 - __main__ - INFO - 第 152 批分析完成
2025-11-26 10:44:51,756 - __main__ - INFO - 分析第 153 批，共 15 只股票
2025-11-26 10:44:51,757 - __main__ - INFO - 开始分析 sh601727 上海电气 的15年历史数据
2025-11-26 10:44:51,757 - __main__ - INFO - 第 153 批分析完成
2025-11-26 10:44:51,757 - __main__ - INFO - 分析第 154 批，共 15 只股票
2025-11-26 10:44:51,757 - __main__ - INFO - 第 154 批分析完成
2025-11-26 10:44:51,757 - __main__ - INFO - 分析第 155 批，共 15 只股票
2025-11-26 10:44:51,757 - __main__ - INFO - 第 155 批分析完成
2025-11-26 10:44:51,757 - __main__ - INFO - 分析第 156 批，共 15 只股票
2025-11-26 10:44:51,757 - __main__ - INFO - 开始分析 sh601901 方正证券 的15年历史数据
2025-11-26 10:44:51,757 - __main__ - INFO - 第 156 批分析完成
2025-11-26 10:44:51,758 - __main__ - INFO - 分析第 157 批，共 15 只股票
2025-11-26 10:44:51,758 - __main__ - INFO - 第 157 批分析完成
2025-11-26 10:44:51,758 - __main__ - INFO - 分析第 158 批，共 15 只股票
2025-11-26 10:44:51,758 - __main__ - INFO - 开始分析 sh601996 丰林集团 的15年历史数据
2025-11-26 10:44:51,758 - __main__ - INFO - 第 158 批分析完成
2025-11-26 10:44:51,758 - __main__ - INFO - 分析第 159 批，共 15 只股票
2025-11-26 10:44:51,758 - __main__ - INFO - 第 159 批分析完成
2025-11-26 10:44:51,758 - __main__ - INFO - 分析第 160 批，共 15 只股票
2025-11-26 10:44:51,759 - __main__ - INFO - 第 160 批分析完成
2025-11-26 10:44:51,759 - __main__ - INFO - 分析第 161 批，共 15 只股票
2025-11-26 10:44:51,759 - __main__ - INFO - 第 161 批分析完成
2025-11-26 10:44:51,759 - __main__ - INFO - 分析第 162 批，共 15 只股票
2025-11-26 10:44:51,759 - __main__ - INFO - 第 162 批分析完成
2025-11-26 10:44:51,759 - __main__ - INFO - 分析第 163 批，共 15 只股票
2025-11-26 10:44:51,759 - __main__ - INFO - 第 163 批分析完成
2025-11-26 10:44:51,759 - __main__ - INFO - 分析第 164 批，共 15 只股票
2025-11-26 10:44:51,759 - __main__ - INFO - 第 164 批分析完成
2025-11-26 10:44:51,759 - __main__ - INFO - 分析第 165 批，共 15 只股票
2025-11-26 10:44:51,760 - __main__ - INFO - 第 165 批分析完成
2025-11-26 10:44:51,760 - __main__ - INFO - 分析第 166 批，共 15 只股票
2025-11-26 10:44:51,760 - __main__ - INFO - 第 166 批分析完成
2025-11-26 10:44:51,760 - __main__ - INFO - 分析第 167 批，共 15 只股票
2025-11-26 10:44:51,760 - __main__ - INFO - 开始分析 sh603169 兰石重装 的15年历史数据
2025-11-26 10:44:51,760 - __main__ - INFO - 第 167 批分析完成
2025-11-26 10:44:51,760 - __main__ - INFO - 分析第 168 批，共 15 只股票
2025-11-26 10:44:51,760 - __main__ - INFO - 第 168 批分析完成
2025-11-26 10:44:51,761 - __main__ - INFO - 分析第 169 批，共 15 只股票
2025-11-26 10:44:51,761 - __main__ - INFO - 第 169 批分析完成
2025-11-26 10:44:51,761 - __main__ - INFO - 分析第 170 批，共 15 只股票
2025-11-26 10:44:51,761 - __main__ - INFO - 第 170 批分析完成
2025-11-26 10:44:51,761 - __main__ - INFO - 分析第 171 批，共 15 只股票
2025-11-26 10:44:51,761 - __main__ - INFO - 第 171 批分析完成
2025-11-26 10:44:51,761 - __main__ - INFO - 分析第 172 批，共 15 只股票
2025-11-26 10:44:51,761 - __main__ - INFO - 第 172 批分析完成
2025-11-26 10:44:51,761 - __main__ - INFO - 分析第 173 批，共 15 只股票
2025-11-26 10:44:51,761 - __main__ - INFO - 第 173 批分析完成
2025-11-26 10:44:51,762 - __main__ - INFO - 分析第 174 批，共 15 只股票
2025-11-26 10:44:51,762 - __main__ - INFO - 第 174 批分析完成
2025-11-26 10:44:51,762 - __main__ - INFO - 分析第 175 批，共 15 只股票
2025-11-26 10:44:51,762 - __main__ - INFO - 第 175 批分析完成
2025-11-26 10:44:51,762 - __main__ - INFO - 分析第 176 批，共 15 只股票
2025-11-26 10:44:51,762 - __main__ - INFO - 第 176 批分析完成
2025-11-26 10:44:51,762 - __main__ - INFO - 分析第 177 批，共 15 只股票
2025-11-26 10:44:51,762 - __main__ - INFO - 第 177 批分析完成
2025-11-26 10:44:51,762 - __main__ - INFO - 分析第 178 批，共 15 只股票
2025-11-26 10:44:51,763 - __main__ - INFO - 第 178 批分析完成
2025-11-26 10:44:51,763 - __main__ - INFO - 分析第 179 批，共 15 只股票
2025-11-26 10:44:51,763 - __main__ - INFO - 开始分析 sh603399 永杉锂业 的15年历史数据
2025-11-26 10:44:51,763 - __main__ - INFO - 第 179 批分析完成
2025-11-26 10:44:51,763 - __main__ - INFO - 分析第 180 批，共 15 只股票
2025-11-26 10:44:51,763 - __main__ - INFO - 第 180 批分析完成
2025-11-26 10:44:51,763 - __main__ - INFO - 分析第 181 批，共 15 只股票
2025-11-26 10:44:51,764 - __main__ - INFO - 开始分析 sh603520 司太立 的15年历史数据
2025-11-26 10:44:51,764 - __main__ - INFO - 第 181 批分析完成
2025-11-26 10:44:51,764 - __main__ - INFO - 分析第 182 批，共 15 只股票
2025-11-26 10:44:51,764 - __main__ - INFO - 第 182 批分析完成
2025-11-26 10:44:51,764 - __main__ - INFO - 分析第 183 批，共 15 只股票
2025-11-26 10:44:51,764 - __main__ - INFO - 开始分析 sh603598 引力传媒 的15年历史数据
2025-11-26 10:44:51,764 - __main__ - INFO - 第 183 批分析完成
2025-11-26 10:44:51,764 - __main__ - INFO - 分析第 184 批，共 15 只股票
2025-11-26 10:44:51,764 - __main__ - INFO - 第 184 批分析完成
2025-11-26 10:44:51,765 - __main__ - INFO - 分析第 185 批，共 15 只股票
2025-11-26 10:44:51,765 - __main__ - INFO - 第 185 批分析完成
2025-11-26 10:44:51,765 - __main__ - INFO - 分析第 186 批，共 15 只股票
2025-11-26 10:44:51,765 - __main__ - INFO - 第 186 批分析完成
2025-11-26 10:44:51,765 - __main__ - INFO - 分析第 187 批，共 15 只股票
2025-11-26 10:44:51,765 - __main__ - INFO - 第 187 批分析完成
2025-11-26 10:44:51,765 - __main__ - INFO - 分析第 188 批，共 15 只股票
2025-11-26 10:44:51,765 - __main__ - INFO - 第 188 批分析完成
2025-11-26 10:44:51,765 - __main__ - INFO - 分析第 189 批，共 15 只股票
2025-11-26 10:44:51,765 - __main__ - INFO - 第 189 批分析完成
2025-11-26 10:44:51,766 - __main__ - INFO - 分析第 190 批，共 15 只股票
2025-11-26 10:44:51,766 - __main__ - INFO - 第 190 批分析完成
2025-11-26 10:44:51,766 - __main__ - INFO - 分析第 191 批，共 15 只股票
2025-11-26 10:44:51,766 - __main__ - INFO - 第 191 批分析完成
2025-11-26 10:44:51,766 - __main__ - INFO - 分析第 192 批，共 15 只股票
2025-11-26 10:44:51,766 - __main__ - INFO - 第 192 批分析完成
2025-11-26 10:44:51,766 - __main__ - INFO - 分析第 193 批，共 15 只股票
2025-11-26 10:44:51,766 - __main__ - INFO - 第 193 批分析完成
2025-11-26 10:44:51,766 - __main__ - INFO - 分析第 194 批，共 15 只股票
2025-11-26 10:44:51,767 - __main__ - INFO - 第 194 批分析完成
2025-11-26 10:44:51,767 - __main__ - INFO - 分析第 195 批，共 15 只股票
2025-11-26 10:44:51,767 - __main__ - INFO - 第 195 批分析完成
2025-11-26 10:44:51,767 - __main__ - INFO - 分析第 196 批，共 15 只股票
2025-11-26 10:44:51,767 - __main__ - INFO - 第 196 批分析完成
2025-11-26 10:44:51,767 - __main__ - INFO - 分析第 197 批，共 15 只股票
2025-11-26 10:44:51,767 - __main__ - INFO - 第 197 批分析完成
2025-11-26 10:44:51,767 - __main__ - INFO - 分析第 198 批，共 15 只股票
2025-11-26 10:44:51,767 - __main__ - INFO - 第 198 批分析完成
2025-11-26 10:44:51,768 - __main__ - INFO - 分析第 199 批，共 15 只股票
2025-11-26 10:44:51,768 - __main__ - INFO - 第 199 批分析完成
2025-11-26 10:44:51,768 - __main__ - INFO - 分析第 200 批，共 15 只股票
2025-11-26 10:44:51,768 - __main__ - INFO - 第 200 批分析完成
2025-11-26 10:44:51,768 - __main__ - INFO - 分析第 201 批，共 15 只股票
2025-11-26 10:44:51,768 - __main__ - INFO - 第 201 批分析完成
2025-11-26 10:44:51,768 - __main__ - INFO - 分析第 202 批，共 15 只股票
2025-11-26 10:44:51,768 - __main__ - INFO - 第 202 批分析完成
2025-11-26 10:44:51,768 - __main__ - INFO - 分析第 203 批，共 15 只股票
2025-11-26 10:44:51,768 - __main__ - INFO - 第 203 批分析完成
2025-11-26 10:44:51,769 - __main__ - INFO - 分析第 204 批，共 15 只股票
2025-11-26 10:44:51,769 - __main__ - INFO - 第 204 批分析完成
2025-11-26 10:44:51,769 - __main__ - INFO - 批量分析完成
2025-11-26 10:44:51,769 - __main__ - ERROR - None None 没有获取到当前股价
2025-11-26 11:27:37,562 - __main__ - INFO - 原始股票列表数量: 5453
2025-11-26 11:27:37,573 - __main__ - INFO - 过滤后股票列表数量: 3060
2025-11-26 11:27:37,573 - __main__ - INFO - 开始批量分析，总共 3060 只股票
2025-11-26 11:27:37,700 - __main__ - INFO - 需要分析的股票数量: 3060
2025-11-26 11:27:37,701 - __main__ - INFO - 开始分析 sz000068 华控赛格 的15年历史数据
2025-11-26 11:27:37,701 - __main__ - INFO - 开始分析 sz000401 金隅冀东 的15年历史数据
2025-11-26 11:27:37,702 - __main__ - INFO - 开始分析 sz000426 兴业银锡 的15年历史数据
2025-11-26 11:27:37,702 - __main__ - INFO - 开始分析 sz000506 招金黄金 的15年历史数据
2025-11-26 11:27:37,702 - __main__ - INFO - 开始分析 sz000509 华塑控股 的15年历史数据
2025-11-26 11:27:37,703 - __main__ - INFO - 开始分析 sz000514 渝 开 发 的15年历史数据
2025-11-26 11:27:37,703 - __main__ - INFO - 开始分析 sz000516 国际医学 的15年历史数据
2025-11-26 11:27:37,703 - __main__ - INFO - 开始分析 sz000520 凤凰航运 的15年历史数据
2025-11-26 11:27:37,704 - __main__ - INFO - 开始分析 sz000526 学大教育 的15年历史数据
2025-11-26 11:27:37,704 - __main__ - INFO - 开始分析 sz000531 穗恒运Ａ 的15年历史数据
2025-11-26 11:27:37,705 - __main__ - INFO - 开始分析 sz000536 华映科技 的15年历史数据
2025-11-26 11:27:37,705 - __main__ - INFO - 开始分析 sz000545 金浦钛业 的15年历史数据
2025-11-26 11:27:37,705 - __main__ - INFO - 开始分析 sz000547 航天发展 的15年历史数据
2025-11-26 11:27:37,706 - __main__ - INFO - 开始分析 sz000557 西部创业 的15年历史数据
2025-11-26 11:27:37,706 - __main__ - INFO - 开始分析 sz000560 我爱我家 的15年历史数据
2025-11-26 11:27:37,706 - __main__ - INFO - 开始分析 sz000564 供销大集 的15年历史数据
2025-11-26 11:27:37,707 - __main__ - INFO - 开始分析 sz000592 平潭发展 的15年历史数据
2025-11-26 11:27:37,707 - __main__ - INFO - 开始分析 sz000607 华媒控股 的15年历史数据
2025-11-26 11:27:37,707 - __main__ - INFO - 开始分析 sz000626 远大控股 的15年历史数据
2025-11-26 11:27:37,708 - __main__ - INFO - 开始分析 sz000629 钒钛股份 的15年历史数据
2025-11-26 11:27:37,708 - __main__ - INFO - 开始分析 sz000633 合金投资 的15年历史数据
2025-11-26 11:27:37,708 - __main__ - INFO - 开始分析 sz000670 盈方微 的15年历史数据
2025-11-26 11:27:37,708 - __main__ - INFO - 开始分析 sz000678 襄阳轴承 的15年历史数据
2025-11-26 11:27:37,709 - __main__ - INFO - 开始分析 sz000688 国城矿业 的15年历史数据
2025-11-26 11:27:37,709 - __main__ - INFO - 开始分析 sz000695 滨海能源 的15年历史数据
2025-11-26 11:27:37,709 - __main__ - INFO - 开始分析 sz000710 贝瑞基因 的15年历史数据
2025-11-26 11:27:37,709 - __main__ - INFO - 开始分析 sz000712 锦龙股份 的15年历史数据
2025-11-26 11:27:37,710 - __main__ - INFO - 开始分析 sz000750 国海证券 的15年历史数据
2025-11-26 11:27:37,710 - __main__ - INFO - 开始分析 sz000757 浩物股份 的15年历史数据
2025-11-26 11:27:37,710 - __main__ - INFO - 开始分析 sz000766 通化金马 的15年历史数据
2025-11-26 11:27:37,710 - __main__ - INFO - 开始分析 sz000796 凯撒旅业 的15年历史数据
2025-11-26 11:27:37,710 - __main__ - INFO - 开始分析 sz000812 陕西金叶 的15年历史数据
2025-11-26 11:27:37,711 - __main__ - INFO - 开始分析 sz000813 德展健康 的15年历史数据
2025-11-26 11:27:37,711 - __main__ - INFO - 开始分析 sz000816 智慧农业 的15年历史数据
2025-11-26 11:27:37,711 - __main__ - INFO - 开始分析 sz000829 天音控股 的15年历史数据
2025-11-26 11:27:37,711 - __main__ - INFO - 开始分析 sz000833 粤桂股份 的15年历史数据
2025-11-26 11:27:37,712 - __main__ - INFO - 开始分析 sz000876 新 希 望 的15年历史数据
2025-11-26 11:27:37,712 - __main__ - INFO - 开始分析 sz000901 航天科技 的15年历史数据
2025-11-26 11:27:37,712 - __main__ - INFO - 开始分析 sz000912 泸天化 的15年历史数据
2025-11-26 11:27:37,712 - __main__ - INFO - 开始分析 sz000925 众合科技 的15年历史数据
2025-11-26 11:27:37,713 - __main__ - INFO - 开始分析 sz000930 中粮科技 的15年历史数据
2025-11-26 11:27:37,713 - __main__ - INFO - 开始分析 sz000967 盈峰环境 的15年历史数据
2025-11-26 11:27:37,713 - __main__ - INFO - 开始分析 sz000980 众泰汽车 的15年历史数据
2025-11-26 11:27:37,713 - __main__ - INFO - 开始分析 sz000981 山子高科 的15年历史数据
2025-11-26 11:27:37,714 - __main__ - INFO - 开始分析 sz000995 皇台酒业 的15年历史数据
2025-11-26 11:27:37,714 - __main__ - INFO - 开始分析 sz001233 C海安集团 的15年历史数据
2025-11-26 11:27:37,714 - __main__ - INFO - 开始分析 sz002004 华邦健康 的15年历史数据
2025-11-26 11:27:37,714 - __main__ - INFO - 开始分析 sz002009 天奇股份 的15年历史数据
2025-11-26 11:27:37,714 - __main__ - INFO - 开始分析 sz002021 中捷资源 的15年历史数据
2025-11-26 11:27:37,715 - __main__ - INFO - 开始分析 sz002033 丽江股份 的15年历史数据
2025-11-26 11:27:37,715 - __main__ - INFO - 开始分析 sz002037 保利联合 的15年历史数据
2025-11-26 11:27:37,715 - __main__ - INFO - 开始分析 sz002040 南 京 港 的15年历史数据
2025-11-26 11:27:37,715 - __main__ - INFO - 开始分析 sz002044 美年健康 的15年历史数据
2025-11-26 11:27:37,716 - __main__ - INFO - 开始分析 sz002051 中工国际 的15年历史数据
2025-11-26 11:27:37,716 - __main__ - INFO - 开始分析 sz002072 凯瑞德 的15年历史数据
2025-11-26 11:27:37,716 - __main__ - INFO - 开始分析 sz002075 沙钢股份 的15年历史数据
2025-11-26 11:27:37,716 - __main__ - INFO - 开始分析 sz002103 广博股份 的15年历史数据
2025-11-26 11:27:37,716 - __main__ - INFO - 开始分析 sz002109 兴化股份 的15年历史数据
2025-11-26 11:27:37,716 - __main__ - INFO - 开始分析 sz002114 罗平锌电 的15年历史数据
2025-11-26 11:27:37,717 - __main__ - INFO - 开始分析 sz002135 东南网架 的15年历史数据
2025-11-26 11:27:37,717 - __main__ - INFO - 开始分析 sz002157 正邦科技 的15年历史数据
2025-11-26 11:27:37,717 - __main__ - INFO - 开始分析 sz002160 常铝股份 的15年历史数据
2025-11-26 11:27:37,718 - __main__ - INFO - 开始分析 sz002165 红 宝 丽 的15年历史数据
2025-11-26 11:27:37,718 - __main__ - INFO - 开始分析 sz002171 楚江新材 的15年历史数据
2025-11-26 11:27:37,718 - __main__ - INFO - 开始分析 sz002172 澳洋健康 的15年历史数据
2025-11-26 11:27:37,718 - __main__ - INFO - 开始分析 sz002178 延华智能 的15年历史数据
2025-11-26 11:27:37,719 - __main__ - INFO - 开始分析 sz002180 纳思达 的15年历史数据
2025-11-26 11:27:37,719 - __main__ - INFO - 开始分析 sz002190 成飞集成 的15年历史数据
2025-11-26 11:27:37,719 - __main__ - INFO - 开始分析 sz002193 如意集团 的15年历史数据
2025-11-26 11:27:37,719 - __main__ - INFO - 开始分析 sz002201 九鼎新材 的15年历史数据
2025-11-26 11:27:37,719 - __main__ - INFO - 开始分析 sz002235 安妮股份 的15年历史数据
2025-11-26 11:27:37,719 - __main__ - INFO - 开始分析 sz002239 奥特佳 的15年历史数据
2025-11-26 11:27:37,720 - __main__ - INFO - 开始分析 sz002246 北化股份 的15年历史数据
2025-11-26 11:27:37,720 - __main__ - INFO - 开始分析 sz002297 博云新材 的15年历史数据
2025-11-26 11:27:37,720 - __main__ - INFO - 开始分析 sz002298 中电鑫龙 的15年历史数据
2025-11-26 11:27:37,720 - __main__ - INFO - 开始分析 sz002313 日海智能 的15年历史数据
2025-11-26 11:27:37,721 - __main__ - INFO - 开始分析 sz002323 雅博股份 的15年历史数据
2025-11-26 11:27:37,721 - __main__ - INFO - 开始分析 sz002324 普利特 的15年历史数据
2025-11-26 11:27:37,721 - __main__ - INFO - 开始分析 sz002329 皇氏集团 的15年历史数据
2025-11-26 11:27:37,722 - __main__ - INFO - 开始分析 sz002354 天娱数科 的15年历史数据
2025-11-26 11:27:37,722 - __main__ - INFO - 开始分析 sz002356 赫美集团 的15年历史数据
2025-11-26 11:27:37,722 - __main__ - INFO - 开始分析 sz002366 融发核电 的15年历史数据
2025-11-26 11:27:37,722 - __main__ - INFO - 开始分析 sz002377 国创高新 的15年历史数据
2025-11-26 11:27:37,723 - __main__ - INFO - 开始分析 sz002382 蓝帆医疗 的15年历史数据
2025-11-26 11:27:37,723 - __main__ - INFO - 开始分析 sz002383 合众思壮 的15年历史数据
2025-11-26 11:27:37,723 - __main__ - INFO - 开始分析 sz002389 航天彩虹 的15年历史数据
2025-11-26 11:27:37,723 - __main__ - INFO - 开始分析 sz002437 誉衡药业 的15年历史数据
2025-11-26 11:27:37,723 - __main__ - INFO - 开始分析 sz002446 盛路通信 的15年历史数据
2025-11-26 11:27:37,724 - __main__ - INFO - 开始分析 sz002476 宝莫股份 的15年历史数据
2025-11-26 11:27:37,724 - __main__ - INFO - 开始分析 sz002481 双塔食品 的15年历史数据
2025-11-26 11:27:37,724 - __main__ - INFO - 开始分析 sz002514 宝馨科技 的15年历史数据
2025-11-26 11:27:37,724 - __main__ - INFO - 开始分析 sz002527 新时达 的15年历史数据
2025-11-26 11:27:37,724 - __main__ - INFO - 开始分析 sz002530 金财互联 的15年历史数据
2025-11-26 11:27:37,725 - __main__ - INFO - 开始分析 sz002537 海联金汇 的15年历史数据
2025-11-26 11:27:37,725 - __main__ - INFO - 开始分析 sz002542 中化岩土 的15年历史数据
2025-11-26 11:27:37,725 - __main__ - INFO - 开始分析 sz002546 新联电子 的15年历史数据
2025-11-26 11:27:37,726 - __main__ - INFO - 开始分析 sz002567 唐人神 的15年历史数据
2025-11-26 11:27:37,726 - __main__ - INFO - 开始分析 sz002575 群兴玩具 的15年历史数据
2025-11-26 11:27:37,726 - __main__ - INFO - 开始分析 sz002579 中京电子 的15年历史数据
2025-11-26 11:27:37,726 - __main__ - INFO - 开始分析 sz002602 世纪华通 的15年历史数据
2025-11-26 11:27:37,727 - __main__ - INFO - 开始分析 sz002608 江苏国信 的15年历史数据
2025-11-26 11:27:37,727 - __main__ - INFO - 开始分析 sz002635 安洁科技 的15年历史数据
2025-11-26 11:27:37,727 - __main__ - INFO - 开始分析 sz002645 华宏科技 的15年历史数据
2025-11-26 11:27:37,727 - __main__ - INFO - 开始分析 sz002652 扬子新材 的15年历史数据
2025-11-26 11:27:37,727 - __main__ - INFO - 开始分析 sz002659 凯文教育 的15年历史数据
2025-11-26 11:27:37,728 - __main__ - INFO - 开始分析 sz002663 普邦股份 的15年历史数据
2025-11-26 11:27:37,728 - __main__ - INFO - 开始分析 sz002675 东诚药业 的15年历史数据
2025-11-26 11:27:37,728 - __main__ - INFO - 开始分析 sz002696 百洋股份 的15年历史数据
2025-11-26 11:27:37,728 - __main__ - INFO - 开始分析 sz002725 跃岭股份 的15年历史数据
2025-11-26 11:27:37,728 - __main__ - INFO - 开始分析 sz002739 万达电影 的15年历史数据
2025-11-26 11:27:37,729 - __main__ - INFO - 开始分析 sz002745 木林森 的15年历史数据
2025-11-26 11:27:37,729 - __main__ - INFO - 开始分析 sh600051 宁波联合 的15年历史数据
2025-11-26 11:27:37,729 - __main__ - INFO - 开始分析 sh600058 五矿发展 的15年历史数据
2025-11-26 11:27:37,729 - __main__ - INFO - 开始分析 sh600084 中信尼雅 的15年历史数据
2025-11-26 11:27:37,729 - __main__ - INFO - 开始分析 sh600103 青山纸业 的15年历史数据
2025-11-26 11:27:37,729 - __main__ - INFO - 开始分析 sh600105 永鼎股份 的15年历史数据
2025-11-26 11:27:37,730 - __main__ - INFO - 开始分析 sh600106 重庆路桥 的15年历史数据
2025-11-26 11:27:37,730 - __main__ - INFO - 开始分析 sh600110 诺德股份 的15年历史数据
2025-11-26 11:27:37,730 - __main__ - INFO - 开始分析 sh600120 浙江东方 的15年历史数据
2025-11-26 11:27:37,730 - __main__ - INFO - 开始分析 sh600121 郑州煤电 的15年历史数据
2025-11-26 11:27:37,731 - __main__ - INFO - 开始分析 sh600150 中国船舶 的15年历史数据
2025-11-26 11:27:37,731 - __main__ - INFO - 开始分析 sh600151 航天机电 的15年历史数据
2025-11-26 11:27:37,731 - __main__ - INFO - 开始分析 sh600152 维科技术 的15年历史数据
2025-11-26 11:27:37,731 - __main__ - INFO - 开始分析 sh600155 华创云信 的15年历史数据
2025-11-26 11:27:37,731 - __main__ - INFO - 开始分析 sh600156 华升股份 的15年历史数据
2025-11-26 11:27:37,731 - __main__ - INFO - 开始分析 sh600157 永泰能源 的15年历史数据
2025-11-26 11:27:37,732 - __main__ - INFO - 开始分析 sh600162 香江控股 的15年历史数据
2025-11-26 11:27:37,732 - __main__ - INFO - 开始分析 sh600168 武汉控股 的15年历史数据
2025-11-26 11:27:37,732 - __main__ - INFO - 开始分析 sh600187 国中水务 的15年历史数据
2025-11-26 11:27:37,732 - __main__ - INFO - 开始分析 sh600189 泉阳泉 的15年历史数据
2025-11-26 11:27:37,732 - __main__ - INFO - 开始分析 sh600207 安彩高科 的15年历史数据
2025-11-26 11:27:37,732 - __main__ - INFO - 开始分析 sh600212 绿能慧充 的15年历史数据
2025-11-26 11:27:37,733 - __main__ - INFO - 开始分析 sh600217 中再资环 的15年历史数据
2025-11-26 11:27:37,733 - __main__ - INFO - 开始分析 sh600227 赤天化 的15年历史数据
2025-11-26 11:27:37,733 - __main__ - INFO - 开始分析 sh600234 科新发展 的15年历史数据
2025-11-26 11:27:37,733 - __main__ - INFO - 开始分析 sh600237 铜峰电子 的15年历史数据
2025-11-26 11:27:37,733 - __main__ - INFO - 开始分析 sh600239 云南城投 的15年历史数据
2025-11-26 11:27:37,733 - __main__ - INFO - 开始分析 sh600241 时代万恒 的15年历史数据
2025-11-26 11:27:37,734 - __main__ - INFO - 开始分析 sh600250 南京商旅 的15年历史数据
2025-11-26 11:27:37,734 - __main__ - INFO - 开始分析 sh600257 大湖股份 的15年历史数据
2025-11-26 11:27:37,734 - __main__ - INFO - 开始分析 sh600288 大恒科技 的15年历史数据
2025-11-26 11:27:37,734 - __main__ - INFO - 开始分析 sh600303 曙光股份 的15年历史数据
2025-11-26 11:27:37,734 - __main__ - INFO - 开始分析 sh600318 新力金融 的15年历史数据
2025-11-26 11:27:37,734 - __main__ - INFO - 开始分析 sh600319 亚星化学 的15年历史数据
2025-11-26 11:27:37,735 - __main__ - INFO - 开始分析 sh600331 宏达股份 的15年历史数据
2025-11-26 11:27:37,735 - __main__ - INFO - 开始分析 sh600338 西藏珠峰 的15年历史数据
2025-11-26 11:27:37,735 - __main__ - INFO - 开始分析 sh600354 敦煌种业 的15年历史数据
2025-11-26 11:27:37,735 - __main__ - INFO - 开始分析 sh600370 三房巷 的15年历史数据
2025-11-26 11:27:37,735 - __main__ - INFO - 开始分析 sh600375 汉马科技 的15年历史数据
2025-11-26 11:27:37,736 - __main__ - INFO - 开始分析 sh600399 抚顺特钢 的15年历史数据
2025-11-26 11:27:37,736 - __main__ - INFO - 开始分析 sh600429 三元股份 的15年历史数据
2025-11-26 11:27:37,736 - __main__ - INFO - 开始分析 sh600490 鹏欣资源 的15年历史数据
2025-11-26 11:27:37,736 - __main__ - INFO - 开始分析 sh600530 交大昂立 的15年历史数据
2025-11-26 11:27:37,737 - __main__ - INFO - 开始分析 sh600538 国发股份 的15年历史数据
2025-11-26 11:27:37,737 - __main__ - INFO - 开始分析 sh600552 凯盛科技 的15年历史数据
2025-11-26 11:27:37,737 - __main__ - INFO - 开始分析 sh600556 天下秀 的15年历史数据
2025-11-26 11:27:37,737 - __main__ - INFO - 开始分析 sh600575 淮河能源 的15年历史数据
2025-11-26 11:27:37,737 - __main__ - INFO - 开始分析 sh600576 祥源文旅 的15年历史数据
2025-11-26 11:27:37,737 - __main__ - INFO - 开始分析 sh600579 中化装备 的15年历史数据
2025-11-26 11:27:37,738 - __main__ - INFO - 开始分析 sh600606 绿地控股 的15年历史数据
2025-11-26 11:27:37,738 - __main__ - INFO - 开始分析 sh600619 海立股份 的15年历史数据
2025-11-26 11:27:37,738 - __main__ - INFO - 开始分析 sh600623 华谊集团 的15年历史数据
2025-11-26 11:27:37,738 - __main__ - INFO - 开始分析 sh600626 申达股份 的15年历史数据
2025-11-26 11:27:37,738 - __main__ - INFO - 开始分析 sh600645 中源协和 的15年历史数据
2025-11-26 11:27:37,738 - __main__ - INFO - 开始分析 sh600649 城投控股 的15年历史数据
2025-11-26 11:27:37,739 - __main__ - INFO - 开始分析 sh600654 中安科 的15年历史数据
2025-11-26 11:27:37,739 - __main__ - INFO - 开始分析 sh600666 奥瑞德 的15年历史数据
2025-11-26 11:27:37,739 - __main__ - INFO - 开始分析 sh600671 天目药业 的15年历史数据
2025-11-26 11:27:37,739 - __main__ - INFO - 开始分析 sh600673 东阳光 的15年历史数据
2025-11-26 11:27:37,739 - __main__ - INFO - 开始分析 sh600678 四川金顶 的15年历史数据
2025-11-26 11:27:37,739 - __main__ - INFO - 开始分析 sh600682 南京新百 的15年历史数据
2025-11-26 11:27:37,740 - __main__ - INFO - 开始分析 sh600685 中船防务 的15年历史数据
2025-11-26 11:27:37,740 - __main__ - INFO - 开始分析 sh600686 金龙汽车 的15年历史数据
2025-11-26 11:27:37,740 - __main__ - INFO - 开始分析 sh600698 湖南天雁 的15年历史数据
2025-11-26 11:27:37,740 - __main__ - INFO - 开始分析 sh600711 盛屯矿业 的15年历史数据
2025-11-26 11:27:37,740 - __main__ - INFO - 开始分析 sh600714 金瑞矿业 的15年历史数据
2025-11-26 11:27:37,740 - __main__ - INFO - 开始分析 sh600715 文投控股 的15年历史数据
2025-11-26 11:27:37,741 - __main__ - INFO - 开始分析 sh600716 凤凰股份 的15年历史数据
2025-11-26 11:27:37,741 - __main__ - INFO - 开始分析 sh600721 百花医药 的15年历史数据
2025-11-26 11:27:37,741 - __main__ - INFO - 开始分析 sh600727 鲁北化工 的15年历史数据
2025-11-26 11:27:37,741 - __main__ - INFO - 开始分析 sh600728 佳都科技 的15年历史数据
2025-11-26 11:27:37,741 - __main__ - INFO - 开始分析 sh600732 爱旭股份 的15年历史数据
2025-11-26 11:27:37,741 - __main__ - INFO - 开始分析 sh600733 北汽蓝谷 的15年历史数据
2025-11-26 11:27:37,742 - __main__ - INFO - 开始分析 sh600745 闻泰科技 的15年历史数据
2025-11-26 11:27:37,742 - __main__ - INFO - 开始分析 sh600746 江苏索普 的15年历史数据
2025-11-26 11:27:37,742 - __main__ - INFO - 开始分析 sh600749 西藏旅游 的15年历史数据
2025-11-26 11:27:37,742 - __main__ - INFO - 开始分析 sh600754 锦江酒店 的15年历史数据
2025-11-26 11:27:37,742 - __main__ - INFO - 开始分析 sh600768 宁波富邦 的15年历史数据
2025-11-26 11:27:37,743 - __main__ - INFO - 开始分析 sh600771 广誉远 的15年历史数据
2025-11-26 11:27:37,743 - __main__ - INFO - 开始分析 sh600793 宜宾纸业 的15年历史数据
2025-11-26 11:27:37,743 - __main__ - INFO - 开始分析 sh600807 济高发展 的15年历史数据
2025-11-26 11:27:37,743 - __main__ - INFO - 开始分析 sh600818 中路股份 的15年历史数据
2025-11-26 11:27:37,743 - __main__ - INFO - 开始分析 sh600844 金煤科技 的15年历史数据
2025-11-26 11:27:37,743 - __main__ - INFO - 开始分析 sh600847 万里股份 的15年历史数据
2025-11-26 11:27:37,743 - __main__ - INFO - 开始分析 sh600855 航天长峰 的15年历史数据
2025-11-26 11:27:37,744 - __main__ - INFO - 开始分析 sh600859 王府井 的15年历史数据
2025-11-26 11:27:37,744 - __main__ - INFO - 开始分析 sh600864 哈投股份 的15年历史数据
2025-11-26 11:27:37,744 - __main__ - INFO - 开始分析 sh600960 渤海汽车 的15年历史数据
2025-11-26 11:27:37,744 - __main__ - INFO - 开始分析 sh600973 宝胜股份 的15年历史数据
2025-11-26 11:27:37,744 - __main__ - INFO - 开始分析 sh600979 广安爱众 的15年历史数据
2025-11-26 11:27:37,744 - __main__ - INFO - 开始分析 sh600981 苏豪汇鸿 的15年历史数据
2025-11-26 11:27:37,745 - __main__ - INFO - 开始分析 sh600984 建设机械 的15年历史数据
2025-11-26 11:27:37,745 - __main__ - INFO - 开始分析 sh600986 浙文互联 的15年历史数据
2025-11-26 11:27:37,745 - __main__ - INFO - 开始分析 sh600990 四创电子 的15年历史数据
2025-11-26 11:27:37,745 - __main__ - INFO - 开始分析 sh601003 柳钢股份 的15年历史数据
2025-11-26 11:27:37,745 - __main__ - INFO - 开始分析 sh601005 重庆钢铁 的15年历史数据
2025-11-26 11:27:37,746 - __main__ - INFO - 开始分析 sh601388 怡球资源 的15年历史数据
2025-11-26 11:27:37,746 - __main__ - INFO - 开始分析 sh601519 大智慧 的15年历史数据
2025-11-26 11:27:37,746 - __main__ - INFO - 开始分析 sh601727 上海电气 的15年历史数据
2025-11-26 11:27:37,746 - __main__ - INFO - 开始分析 sh601901 方正证券 的15年历史数据
2025-11-26 11:27:37,746 - __main__ - INFO - 开始分析 sh601996 丰林集团 的15年历史数据
2025-11-26 11:27:37,746 - __main__ - INFO - 开始分析 sh603169 兰石重装 的15年历史数据
2025-11-26 11:27:37,747 - __main__ - INFO - 开始分析 sh603399 永杉锂业 的15年历史数据
2025-11-26 11:27:37,747 - __main__ - INFO - 开始分析 sh603520 司太立 的15年历史数据
2025-11-26 11:27:37,747 - __main__ - INFO - 开始分析 sh603598 引力传媒 的15年历史数据
2025-11-26 11:27:37,748 - __main__ - ERROR - None None 没有获取到当前股价
2025-11-26 11:54:35,016 - __main__ - INFO - 原始股票列表数量: 5453
2025-11-26 11:54:35,026 - __main__ - INFO - 过滤后股票列表数量: 3060
2025-11-26 11:54:35,026 - __main__ - INFO - 开始批量分析，总共 3060 只股票
2025-11-26 11:54:35,167 - __main__ - INFO - 需要分析的股票数量: 3060
2025-11-26 12:51:48,467 - __main__ - INFO - 原始股票列表数量: 5453
2025-11-26 12:51:48,476 - __main__ - INFO - 过滤后股票列表数量: 3060
2025-11-26 12:51:48,476 - __main__ - INFO - 开始批量分析，总共 3060 只股票
2025-11-26 12:51:48,591 - __main__ - INFO - 需要分析的股票数量: 3060
2025-11-26 12:51:48,592 - __main__ - INFO - 分析第 1 批，共 15 只股票
2025-11-26 12:54:01,605 - __main__ - INFO - 原始股票列表数量: 5453
2025-11-26 12:54:01,615 - __main__ - INFO - 过滤后股票列表数量: 3060
2025-11-26 12:54:01,615 - __main__ - INFO - 开始批量分析，总共 3060 只股票
2025-11-26 12:54:01,717 - __main__ - INFO - 需要分析的股票数量: 3060
2025-11-26 12:54:01,718 - __main__ - INFO - 分析第 1 批，共 15 只股票
2025-11-26 12:54:38,240 - __main__ - INFO - 原始股票列表数量: 5453
2025-11-26 12:54:38,249 - __main__ - INFO - 过滤后股票列表数量: 3060
2025-11-26 12:54:38,249 - __main__ - INFO - 开始批量分析，总共 3060 只股票
2025-11-26 12:54:38,356 - __main__ - INFO - 需要分析的股票数量: 3060
2025-11-26 12:54:38,356 - __main__ - INFO - 开始分析 sz000068 华控赛格 的15年历史数据
2025-11-26 12:54:42,202 - __main__ - WARNING - 获取sz000068 20111231 的股价为空,尝试2周前股价
2025-11-26 12:54:43,879 - __main__ - WARNING - 获取sz000068 20111231 的股价为空
2025-11-26 12:54:55,395 - __main__ - WARNING - 获取sz000068 20181231 的股价为空,尝试2周前股价
2025-11-26 12:55:26,203 - __main__ - WARNING - 获取sz000068 20111231 的股价为空,尝试2周前股价
2025-11-26 12:55:27,292 - __main__ - WARNING - 获取sz000068 20111231 的股价为空
2025-11-26 12:55:29,600 - __main__ - INFO - 手动计算 sz000068 动态市盈率: -27.46 静态市盈率: 280.00 TTM市盈率: -269.63
2025-11-26 12:55:29,600 - __main__ - ERROR - 分析 sz000068 华控赛格 失败: name 'roe_detail' is not defined
2025-11-26 12:55:30,611 - __main__ - INFO - 分析结果已保存到: analysis_results.json
2025-11-26 12:55:30,611 - __main__ - ERROR - 保存进度失败: [Errno 2] No such file or directory: ''
2025-11-26 12:58:47,845 - __main__ - INFO - 原始股票列表数量: 5453
2025-11-26 12:58:47,853 - __main__ - INFO - 过滤后股票列表数量: 3060
2025-11-26 12:58:47,854 - __main__ - INFO - 开始批量分析，总共 3060 只股票
2025-11-26 12:58:47,951 - __main__ - INFO - 需要分析的股票数量: 3060
2025-11-26 12:58:47,952 - __main__ - INFO - 开始分析 sz000068 华控赛格 的15年历史数据
2025-11-26 12:58:50,868 - __main__ - WARNING - 获取sz000068 20111231 的股价为空,尝试2周前股价
2025-11-26 12:58:52,326 - __main__ - WARNING - 获取sz000068 20111231 的股价为空
2025-11-26 12:59:03,536 - __main__ - WARNING - 获取sz000068 20181231 的股价为空,尝试2周前股价
2025-11-26 12:59:32,210 - __main__ - WARNING - 获取sz000068 20111231 的股价为空,尝试2周前股价
2025-11-26 12:59:33,252 - __main__ - WARNING - 获取sz000068 20111231 的股价为空
2025-11-26 12:59:35,579 - __main__ - INFO - 手动计算 sz000068 动态市盈率: -27.46 静态市盈率: 280.00 TTM市盈率: -269.63
2025-11-26 12:59:35,579 - __main__ - INFO - sz000068 华控赛格 分析完成
2025-11-26 12:59:36,551 - __main__ - INFO - 分析结果已保存到: analysis_results.json
2025-11-26 12:59:36,551 - __main__ - ERROR - 保存进度失败: [Errno 2] No such file or directory: ''
2025-11-26 13:08:00,043 - __main__ - INFO - 原始股票列表数量: 5453
2025-11-26 13:08:00,051 - __main__ - INFO - 过滤后股票列表数量: 3060
2025-11-26 13:08:00,052 - __main__ - INFO - 开始批量分析，总共 3060 只股票
2025-11-26 13:08:00,198 - __main__ - INFO - 需要分析的股票数量: 3060
2025-11-26 13:08:00,199 - __main__ - INFO - 开始分析 sz000401 金隅冀东 的15年历史数据
2025-11-26 13:08:14,343 - __main__ - WARNING - 获取sz000401 20171231 的股价为空,尝试2周前股价
2025-11-26 13:08:16,411 - __main__ - WARNING - 获取sz000401 20171231 的股价为空
2025-11-26 13:08:18,445 - __main__ - WARNING - 获取sz000401 20181231 的股价为空,尝试2周前股价
2025-11-26 13:08:41,196 - __main__ - WARNING - 获取sz000401 20171231 的股价为空,尝试2周前股价
2025-11-26 13:08:42,288 - __main__ - WARNING - 获取sz000401 20171231 的股价为空
2025-11-26 13:08:53,004 - __main__ - INFO - 手动计算 sz000401 动态市盈率: 256.99 静态市盈率: -13.14 TTM市盈率: -19.83
2025-11-26 13:08:53,004 - __main__ - INFO - sz000401 金隅冀东 分析完成
2025-11-26 13:08:53,981 - __main__ - INFO - 分析结果已保存到: analysis_results.json
2025-11-26 13:08:53,982 - __main__ - ERROR - 保存进度失败: [Errno 2] No such file or directory: ''
2025-11-26 13:12:52,387 - __main__ - INFO - 原始股票列表数量: 5453
2025-11-26 13:12:52,399 - __main__ - INFO - 过滤后股票列表数量: 3060
2025-11-26 13:12:52,399 - __main__ - INFO - 开始批量分析，总共 3060 只股票
2025-11-26 13:12:52,543 - __main__ - INFO - 需要分析的股票数量: 3060
2025-11-26 13:12:52,543 - __main__ - INFO - 开始分析 sz000426 兴业银锡 的15年历史数据
2025-11-26 13:13:01,134 - __main__ - WARNING - 获取sz000426 20141231 的股价为空,尝试2周前股价
2025-11-26 13:13:02,877 - __main__ - WARNING - 获取sz000426 20141231 的股价为空
2025-11-26 13:13:04,851 - __main__ - WARNING - 获取sz000426 20151231 的股价为空,尝试2周前股价
2025-11-26 13:13:06,408 - __main__ - WARNING - 获取sz000426 20151231 的股价为空
2025-11-26 13:13:11,161 - __main__ - WARNING - 获取sz000426 20181231 的股价为空,尝试2周前股价
2025-11-26 13:13:31,601 - __main__ - WARNING - 获取sz000426 20181231 的股价为空,尝试2周前股价
2025-11-26 13:13:36,415 - __main__ - WARNING - 获取sz000426 20151231 的股价为空,尝试2周前股价
2025-11-26 13:13:37,555 - __main__ - WARNING - 获取sz000426 20151231 的股价为空
2025-11-26 13:13:38,818 - __main__ - WARNING - 获取sz000426 20141231 的股价为空,尝试2周前股价
2025-11-26 13:13:39,886 - __main__ - WARNING - 获取sz000426 20141231 的股价为空
2025-11-26 13:13:46,040 - __main__ - INFO - 手动计算 sz000426 动态市盈率: 32.11 静态市盈率: 39.39 TTM市盈率: 36.72
2025-11-26 13:13:46,040 - __main__ - INFO - sz000426 兴业银锡 分析完成
2025-11-26 13:13:47,057 - __main__ - INFO - 分析结果已保存到: analysis_results.json
2025-11-26 13:13:47,057 - __main__ - ERROR - 保存进度失败: [Errno 2] No such file or directory: ''
2025-11-26 13:13:47,058 - __main__ - INFO - 开始分析 sz000506 招金黄金 的15年历史数据
2025-11-26 13:13:55,079 - __main__ - WARNING - 获取sz000506 20141231 的股价为空,尝试2周前股价
2025-11-26 13:13:56,554 - __main__ - WARNING - 获取sz000506 20141231 的股价为空
2025-11-26 13:14:03,216 - __main__ - WARNING - 获取sz000506 20181231 的股价为空,尝试2周前股价
2025-11-26 13:14:25,006 - __main__ - WARNING - 获取sz000506 20181231 的股价为空,尝试2周前股价
2025-11-26 13:14:31,033 - __main__ - WARNING - 获取sz000506 20141231 的股价为空,尝试2周前股价
2025-11-26 13:14:32,147 - __main__ - WARNING - 获取sz000506 20141231 的股价为空
2025-11-26 13:14:38,561 - __main__ - INFO - 手动计算 sz000506 动态市盈率: 90.58 静态市盈率: -77.64 TTM市盈率: 217.40
2025-11-26 13:14:38,562 - __main__ - INFO - sz000506 招金黄金 分析完成
2025-11-26 13:14:39,518 - __main__ - INFO - 分析结果已保存到: analysis_results.json
2025-11-26 13:14:39,518 - __main__ - ERROR - 保存进度失败: [Errno 2] No such file or directory: ''
2025-11-26 13:14:39,518 - __main__ - INFO - 开始分析 sz000509 华塑控股 的15年历史数据
2025-11-26 13:14:42,966 - __main__ - WARNING - 获取sz000509 20111231 的股价为空,尝试2周前股价
2025-11-26 13:14:44,593 - __main__ - WARNING - 获取sz000509 20111231 的股价为空
2025-11-26 13:14:47,704 - __main__ - WARNING - 获取sz000509 20131231 的股价为空,尝试2周前股价
2025-11-26 13:14:50,861 - __main__ - WARNING - 获取sz000509 20141231 的股价为空,尝试2周前股价
2025-11-26 13:14:57,025 - __main__ - WARNING - 获取sz000509 20171231 的股价为空,尝试2周前股价
2025-11-26 13:14:58,547 - __main__ - WARNING - 获取sz000509 20171231 的股价为空
2025-11-26 13:15:00,077 - __main__ - WARNING - 获取sz000509 20181231 的股价为空,尝试2周前股价
2025-11-26 13:15:21,529 - __main__ - WARNING - 获取sz000509 20181231 的股价为空,尝试2周前股价
2025-11-26 13:15:23,807 - __main__ - WARNING - 获取sz000509 20171231 的股价为空,尝试2周前股价
2025-11-26 13:15:24,849 - __main__ - WARNING - 获取sz000509 20171231 的股价为空
2025-11-26 13:15:29,849 - __main__ - WARNING - 获取sz000509 20131231 的股价为空,尝试2周前股价
2025-11-26 13:15:33,513 - __main__ - WARNING - 获取sz000509 20111231 的股价为空,尝试2周前股价
2025-11-26 13:15:34,668 - __main__ - WARNING - 获取sz000509 20111231 的股价为空
2025-11-26 13:15:36,970 - __main__ - INFO - 手动计算 sz000509 动态市盈率: -264.13 静态市盈率: -249.23 TTM市盈率: -302.80
2025-11-26 13:15:36,971 - __main__ - INFO - sz000509 华塑控股 分析完成
2025-11-26 13:15:37,962 - __main__ - INFO - 分析结果已保存到: analysis_results.json
2025-11-26 13:15:37,963 - __main__ - ERROR - 保存进度失败: [Errno 2] No such file or directory: ''
2025-11-26 13:15:37,963 - __main__ - INFO - 开始分析 sz000514 渝 开 发 的15年历史数据
2025-11-26 13:15:45,934 - __main__ - WARNING - 获取sz000514 20141231 的股价为空,尝试2周前股价
2025-11-26 13:15:47,458 - __main__ - WARNING - 获取sz000514 20141231 的股价为空
2025-11-26 13:15:53,579 - __main__ - WARNING - 获取sz000514 20181231 的股价为空,尝试2周前股价
2025-11-26 13:16:14,973 - __main__ - WARNING - 获取sz000514 20181231 的股价为空,尝试2周前股价
2025-11-26 13:16:20,976 - __main__ - WARNING - 获取sz000514 20141231 的股价为空,尝试2周前股价
2025-11-26 13:16:22,104 - __main__ - WARNING - 获取sz000514 20141231 的股价为空
2025-11-26 13:16:28,162 - __main__ - INFO - 手动计算 sz000514 动态市盈率: 21.65 静态市盈率: -40.89 TTM市盈率: 50.09
2025-11-26 13:16:28,162 - __main__ - INFO - sz000514 渝 开 发 分析完成
2025-11-26 13:16:29,174 - __main__ - INFO - 分析结果已保存到: analysis_results.json
2025-11-26 13:16:29,174 - __main__ - ERROR - 保存进度失败: [Errno 2] No such file or directory: ''
2025-11-26 13:16:29,175 - __main__ - INFO - 开始分析 sz000516 国际医学 的15年历史数据
2025-11-26 13:16:40,947 - __main__ - WARNING - 获取sz000516 20161231 的股价为空,尝试2周前股价
2025-11-26 13:16:42,482 - __main__ - WARNING - 获取sz000516 20161231 的股价为空
2025-11-26 13:16:45,706 - __main__ - WARNING - 获取sz000516 20181231 的股价为空,尝试2周前股价
2025-11-26 13:17:09,681 - __main__ - WARNING - 获取sz000516 20161231 的股价为空,尝试2周前股价
2025-11-26 13:17:10,807 - __main__ - WARNING - 获取sz000516 20161231 的股价为空
2025-11-26 13:17:20,264 - __main__ - INFO - 手动计算 sz000516 动态市盈率: -27.94 静态市盈率: -44.09 TTM市盈率: -33.49
2025-11-26 13:17:20,264 - __main__ - INFO - sz000516 国际医学 分析完成
2025-11-26 13:17:21,333 - __main__ - INFO - 分析结果已保存到: analysis_results.json
2025-11-26 13:17:21,333 - __main__ - ERROR - 保存进度失败: [Errno 2] No such file or directory: ''
2025-11-26 13:17:21,334 - __main__ - INFO - 开始分析 sz000520 凤凰航运 的15年历史数据
2025-11-26 13:17:27,855 - __main__ - WARNING - 获取sz000520 20131231 的股价为空,尝试2周前股价
2025-11-26 13:17:30,924 - __main__ - WARNING - 获取sz000520 20141231 的股价为空,尝试2周前股价
2025-11-26 13:17:32,477 - __main__ - WARNING - 获取sz000520 20141231 的股价为空
2025-11-26 13:17:35,542 - __main__ - WARNING - 获取sz000520 20161231 的股价为空,尝试2周前股价
2025-11-26 13:17:40,307 - __main__ - WARNING - 获取sz000520 20181231 的股价为空,尝试2周前股价
2025-11-26 13:18:01,132 - __main__ - WARNING - 获取sz000520 20181231 的股价为空,尝试2周前股价
2025-11-26 13:18:05,229 - __main__ - WARNING - 获取sz000520 20161231 的股价为空,尝试2周前股价
2025-11-26 13:18:08,933 - __main__ - WARNING - 获取sz000520 20141231 的股价为空,尝试2周前股价
2025-11-26 13:18:10,026 - __main__ - WARNING - 获取sz000520 20141231 的股价为空
2025-11-26 13:18:11,359 - __main__ - WARNING - 获取sz000520 20131231 的股价为空,尝试2周前股价
2025-11-26 13:18:17,306 - __main__ - INFO - 手动计算 sz000520 动态市盈率: -59.57 静态市盈率: -53.86 TTM市盈率: -38.16
2025-11-26 13:18:17,307 - __main__ - INFO - sz000520 凤凰航运 分析完成
2025-11-26 13:18:18,269 - __main__ - INFO - 分析结果已保存到: analysis_results.json
2025-11-26 13:18:18,270 - __main__ - ERROR - 保存进度失败: [Errno 2] No such file or directory: ''
2025-11-26 13:18:18,270 - __main__ - INFO - 开始分析 sz000526 学大教育 的15年历史数据
2025-11-26 13:18:31,810 - __main__ - WARNING - 获取sz000526 20171231 的股价为空,尝试2周前股价
2025-11-26 13:18:33,412 - __main__ - WARNING - 获取sz000526 20171231 的股价为空
2025-11-26 13:18:34,948 - __main__ - WARNING - 获取sz000526 20181231 的股价为空,尝试2周前股价
2025-11-26 13:18:56,002 - __main__ - WARNING - 获取sz000526 20181231 的股价为空,尝试2周前股价
2025-11-26 13:18:58,378 - __main__ - WARNING - 获取sz000526 20171231 的股价为空,尝试2周前股价
2025-11-26 13:18:59,497 - __main__ - WARNING - 获取sz000526 20171231 的股价为空
2025-11-26 13:19:09,352 - __main__ - INFO - 手动计算 sz000526 动态市盈率: 17.24 静态市盈率: 29.47 TTM市盈率: 22.67
2025-11-26 13:19:09,352 - __main__ - INFO - sz000526 学大教育 分析完成
2025-11-26 13:19:10,306 - __main__ - INFO - 分析结果已保存到: analysis_results.json
2025-11-26 13:19:10,307 - __main__ - ERROR - 保存进度失败: [Errno 2] No such file or directory: ''
2025-11-26 13:19:10,307 - __main__ - INFO - 开始分析 sz000531 穗恒运Ａ 的15年历史数据
2025-11-26 13:19:22,049 - __main__ - WARNING - 获取sz000531 20161231 的股价为空,尝试2周前股价
2025-11-26 13:19:23,647 - __main__ - WARNING - 获取sz000531 20161231 的股价为空
2025-11-26 13:19:26,823 - __main__ - WARNING - 获取sz000531 20181231 的股价为空,尝试2周前股价
2025-11-26 13:19:50,143 - __main__ - WARNING - 获取sz000531 20161231 的股价为空,尝试2周前股价
2025-11-26 13:19:51,249 - __main__ - WARNING - 获取sz000531 20161231 的股价为空
2025-11-26 13:20:00,293 - __main__ - INFO - 手动计算 sz000531 动态市盈率: 10.70 静态市盈率: 37.88 TTM市盈率: 14.84
2025-11-26 13:20:00,293 - __main__ - INFO - sz000531 穗恒运Ａ 分析完成
2025-11-26 13:20:01,329 - __main__ - INFO - 分析结果已保存到: analysis_results.json
2025-11-26 13:20:01,330 - __main__ - ERROR - 保存进度失败: [Errno 2] No such file or directory: ''
2025-11-26 13:20:01,330 - __main__ - INFO - 开始分析 sz000536 华映科技 的15年历史数据
2025-11-26 13:20:06,419 - __main__ - WARNING - 获取sz000536 20121231 的股价为空,尝试2周前股价
2025-11-26 13:20:07,991 - __main__ - WARNING - 获取sz000536 20121231 的股价为空
2025-11-26 13:20:17,344 - __main__ - WARNING - 获取sz000536 20181231 的股价为空,尝试2周前股价
2025-11-26 13:20:38,282 - __main__ - WARNING - 获取sz000536 20181231 的股价为空,尝试2周前股价
2025-11-26 13:20:47,015 - __main__ - WARNING - 获取sz000536 20121231 的股价为空,尝试2周前股价
2025-11-26 13:20:48,120 - __main__ - WARNING - 获取sz000536 20121231 的股价为空
2025-11-26 13:20:51,699 - __main__ - INFO - 手动计算 sz000536 动态市盈率: -13.57 静态市盈率: -11.56 TTM市盈率: -13.02
2025-11-26 13:20:51,699 - __main__ - INFO - sz000536 华映科技 分析完成
2025-11-26 13:20:52,703 - __main__ - INFO - 分析结果已保存到: analysis_results.json
2025-11-26 13:20:52,704 - __main__ - ERROR - 保存进度失败: [Errno 2] No such file or directory: ''
2025-11-26 13:20:52,704 - __main__ - INFO - 开始分析 sz000545 金浦钛业 的15年历史数据
2025-11-26 13:20:57,767 - __main__ - WARNING - 获取sz000545 20121231 的股价为空,尝试2周前股价
2025-11-26 13:20:59,266 - __main__ - WARNING - 获取sz000545 20121231 的股价为空
2025-11-26 13:21:08,600 - __main__ - WARNING - 获取sz000545 20181231 的股价为空,尝试2周前股价
2025-11-26 13:21:32,099 - __main__ - WARNING - 获取sz000545 20181231 的股价为空,尝试2周前股价
2025-11-26 13:21:40,898 - __main__ - WARNING - 获取sz000545 20121231 的股价为空,尝试2周前股价
2025-11-26 13:21:41,986 - __main__ - WARNING - 获取sz000545 20121231 的股价为空
2025-11-26 13:21:45,638 - __main__ - INFO - 手动计算 sz000545 动态市盈率: -8.46 静态市盈率: -10.74 TTM市盈率: -6.21
2025-11-26 13:21:45,639 - __main__ - INFO - sz000545 金浦钛业 分析完成
2025-11-26 13:21:46,629 - __main__ - INFO - 分析结果已保存到: analysis_results.json
2025-11-26 13:21:46,629 - __main__ - ERROR - 保存进度失败: [Errno 2] No such file or directory: ''
2025-11-26 13:21:46,629 - __main__ - INFO - 开始分析 sz000547 航天发展 的15年历史数据
2025-11-26 13:21:57,663 - __main__ - WARNING - 获取sz000547 20161231 的股价为空,尝试2周前股价
2025-11-26 13:21:59,176 - __main__ - WARNING - 获取sz000547 20161231 的股价为空
2025-11-26 13:22:00,717 - __main__ - WARNING - 获取sz000547 20171231 的股价为空,尝试2周前股价
2025-11-26 13:22:02,331 - __main__ - WARNING - 获取sz000547 20171231 的股价为空
2025-11-26 13:22:03,861 - __main__ - WARNING - 获取sz000547 20181231 的股价为空,尝试2周前股价
2025-11-26 13:22:25,297 - __main__ - WARNING - 获取sz000547 20181231 的股价为空,尝试2周前股价
2025-11-26 13:22:27,673 - __main__ - WARNING - 获取sz000547 20171231 的股价为空,尝试2周前股价
2025-11-26 13:22:28,754 - __main__ - WARNING - 获取sz000547 20171231 的股价为空
2025-11-26 13:22:29,972 - __main__ - WARNING - 获取sz000547 20161231 的股价为空,尝试2周前股价
2025-11-26 13:22:31,048 - __main__ - WARNING - 获取sz000547 20161231 的股价为空
2025-11-26 13:22:39,796 - __main__ - INFO - 手动计算 sz000547 动态市盈率: -18.73 静态市盈率: -7.37 TTM市盈率: -7.66
2025-11-26 13:22:39,796 - __main__ - INFO - sz000547 航天发展 分析完成
2025-11-26 13:22:40,818 - __main__ - INFO - 分析结果已保存到: analysis_results.json
2025-11-26 13:22:40,818 - __main__ - ERROR - 保存进度失败: [Errno 2] No such file or directory: ''
2025-11-26 13:22:40,819 - __main__ - INFO - 开始分析 sz000557 西部创业 的15年历史数据
2025-11-26 13:22:42,462 - __main__ - WARNING - 获取sz000557 20101231 的股价为空,尝试2周前股价
2025-11-26 13:22:43,960 - __main__ - WARNING - 获取sz000557 20101231 的股价为空
2025-11-26 13:22:45,457 - __main__ - WARNING - 获取sz000557 20111231 的股价为空,尝试2周前股价
2025-11-26 13:22:46,951 - __main__ - WARNING - 获取sz000557 20111231 的股价为空
2025-11-26 13:22:48,551 - __main__ - WARNING - 获取sz000557 20121231 的股价为空,尝试2周前股价
2025-11-26 13:22:50,025 - __main__ - WARNING - 获取sz000557 20121231 的股价为空
2025-11-26 13:22:51,542 - __main__ - WARNING - 获取sz000557 20131231 的股价为空,尝试2周前股价
2025-11-26 13:22:53,021 - __main__ - WARNING - 获取sz000557 20131231 的股价为空
2025-11-26 13:22:59,281 - __main__ - WARNING - 获取sz000557 20171231 的股价为空,尝试2周前股价
2025-11-26 13:23:00,815 - __main__ - WARNING - 获取sz000557 20171231 的股价为空
2025-11-26 13:23:02,361 - __main__ - WARNING - 获取sz000557 20181231 的股价为空,尝试2周前股价
2025-11-26 13:23:23,567 - __main__ - WARNING - 获取sz000557 20181231 的股价为空,尝试2周前股价
2025-11-26 13:23:26,399 - __main__ - WARNING - 获取sz000557 20171231 的股价为空,尝试2周前股价
2025-11-26 13:23:27,708 - __main__ - WARNING - 获取sz000557 20171231 的股价为空
2025-11-26 13:23:34,622 - __main__ - WARNING - 获取sz000557 20131231 的股价为空,尝试2周前股价
2025-11-26 13:23:36,157 - __main__ - WARNING - 获取sz000557 20131231 的股价为空
2025-11-26 13:23:37,687 - __main__ - WARNING - 获取sz000557 20121231 的股价为空,尝试2周前股价
2025-11-26 13:23:39,073 - __main__ - WARNING - 获取sz000557 20121231 的股价为空
2025-11-26 13:23:42,177 - __main__ - WARNING - 获取sz000557 20101231 的股价为空,尝试2周前股价
2025-11-26 13:23:43,523 - __main__ - WARNING - 获取sz000557 20101231 的股价为空
2025-11-26 13:23:44,919 - __main__ - INFO - 手动计算 sz000557 动态市盈率: 19.00 静态市盈率: 28.40 TTM市盈率: 22.39
2025-11-26 13:23:44,920 - __main__ - INFO - sz000557 西部创业 分析完成
2025-11-26 13:23:46,341 - __main__ - INFO - 分析结果已保存到: analysis_results.json
2025-11-26 13:23:46,342 - __main__ - ERROR - 保存进度失败: [Errno 2] No such file or directory: ''
2025-11-26 13:23:46,342 - __main__ - INFO - 开始分析 sz000560 我爱我家 的15年历史数据
2025-11-26 13:23:57,977 - __main__ - WARNING - 获取sz000560 20161231 的股价为空,尝试2周前股价
2025-11-26 13:23:59,709 - __main__ - WARNING - 获取sz000560 20161231 的股价为空
2025-11-26 13:24:03,127 - __main__ - WARNING - 获取sz000560 20181231 的股价为空,尝试2周前股价
2025-11-26 13:24:23,896 - __main__ - WARNING - 获取sz000560 20181231 的股价为空,尝试2周前股价
2025-11-26 13:24:27,486 - __main__ - WARNING - 获取sz000560 20161231 的股价为空,尝试2周前股价
2025-11-26 13:24:28,553 - __main__ - WARNING - 获取sz000560 20161231 的股价为空
2025-11-26 13:24:38,131 - __main__ - INFO - 手动计算 sz000560 动态市盈率: 127.08 静态市盈率: 97.76 TTM市盈率: 66.89
2025-11-26 13:24:38,132 - __main__ - INFO - sz000560 我爱我家 分析完成
2025-11-26 13:24:39,335 - __main__ - INFO - 分析结果已保存到: analysis_results.json
2025-11-26 13:24:39,336 - __main__ - ERROR - 保存进度失败: [Errno 2] No such file or directory: ''
2025-11-26 13:24:39,336 - __main__ - INFO - 开始分析 sz000564 供销大集 的15年历史数据
2025-11-26 13:24:47,364 - __main__ - WARNING - 获取sz000564 20141231 的股价为空,尝试2周前股价
2025-11-26 13:24:53,579 - __main__ - WARNING - 获取sz000564 20171231 的股价为空,尝试2周前股价
2025-11-26 13:24:55,137 - __main__ - WARNING - 获取sz000564 20171231 的股价为空
2025-11-26 13:24:56,714 - __main__ - WARNING - 获取sz000564 20181231 的股价为空,尝试2周前股价
2025-11-26 13:25:19,684 - __main__ - WARNING - 获取sz000564 20181231 的股价为空,尝试2周前股价
2025-11-26 13:25:22,375 - __main__ - WARNING - 获取sz000564 20171231 的股价为空,尝试2周前股价
2025-11-26 13:25:23,532 - __main__ - WARNING - 获取sz000564 20171231 的股价为空
2025-11-26 13:25:27,887 - __main__ - WARNING - 获取sz000564 20141231 的股价为空,尝试2周前股价
2025-11-26 13:25:35,410 - __main__ - INFO - 手动计算 sz000564 动态市盈率: 481.87 静态市盈率: -37.03 TTM市盈率: -35.94
2025-11-26 13:25:35,410 - __main__ - INFO - sz000564 供销大集 分析完成
2025-11-26 13:25:36,402 - __main__ - INFO - 分析结果已保存到: analysis_results.json
2025-11-26 13:25:36,403 - __main__ - ERROR - 保存进度失败: [Errno 2] No such file or directory: ''
2025-11-26 13:25:36,403 - __main__ - INFO - 开始分析 sz000592 平潭发展 的15年历史数据
2025-11-26 13:25:49,131 - __main__ - WARNING - 获取sz000592 20171231 的股价为空,尝试2周前股价
2025-11-26 13:25:50,714 - __main__ - WARNING - 获取sz000592 20171231 的股价为空
2025-11-26 13:25:52,272 - __main__ - WARNING - 获取sz000592 20181231 的股价为空,尝试2周前股价
2025-11-26 13:26:13,279 - __main__ - WARNING - 获取sz000592 20181231 的股价为空,尝试2周前股价
2025-11-26 13:26:15,901 - __main__ - WARNING - 获取sz000592 20171231 的股价为空,尝试2周前股价
2025-11-26 13:26:17,040 - __main__ - WARNING - 获取sz000592 20171231 的股价为空
2025-11-26 13:26:27,131 - __main__ - INFO - 手动计算 sz000592 动态市盈率: 161.36 静态市盈率: -58.29 TTM市盈率: -63.28
2025-11-26 13:26:27,132 - __main__ - INFO - sz000592 平潭发展 分析完成
2025-11-26 13:26:28,113 - __main__ - INFO - 分析结果已保存到: analysis_results.json
2025-11-26 13:26:28,114 - __main__ - ERROR - 保存进度失败: [Errno 2] No such file or directory: ''
2025-11-26 13:26:28,114 - __main__ - INFO - 开始分析 sz000607 华媒控股 的15年历史数据
2025-11-26 13:26:34,768 - __main__ - WARNING - 获取sz000607 20131231 的股价为空,尝试2周前股价
2025-11-26 13:26:36,260 - __main__ - WARNING - 获取sz000607 20131231 的股价为空
2025-11-26 13:26:44,309 - __main__ - WARNING - 获取sz000607 20181231 的股价为空,尝试2周前股价
2025-11-26 13:27:08,560 - __main__ - WARNING - 获取sz000607 20181231 的股价为空,尝试2周前股价
2025-11-26 13:27:16,354 - __main__ - WARNING - 获取sz000607 20131231 的股价为空,尝试2周前股价
2025-11-26 13:27:17,589 - __main__ - WARNING - 获取sz000607 20131231 的股价为空
2025-11-26 13:27:23,014 - __main__ - INFO - 手动计算 sz000607 动态市盈率: -53.88 静态市盈率: -431.00 TTM市盈率: -53.87
2025-11-26 13:27:23,014 - __main__ - INFO - sz000607 华媒控股 分析完成
2025-11-26 13:27:24,424 - __main__ - INFO - 分析结果已保存到: analysis_results.json
2025-11-26 13:27:24,425 - __main__ - ERROR - 保存进度失败: [Errno 2] No such file or directory: ''
2025-11-26 13:27:24,425 - __main__ - INFO - 开始分析 sz000626 远大控股 的15年历史数据
2025-11-26 13:27:34,146 - __main__ - WARNING - 获取sz000626 20151231 的股价为空,尝试2周前股价
2025-11-26 13:27:35,702 - __main__ - WARNING - 获取sz000626 20151231 的股价为空
2025-11-26 13:27:40,286 - __main__ - WARNING - 获取sz000626 20181231 的股价为空,尝试2周前股价
2025-11-26 13:28:01,529 - __main__ - WARNING - 获取sz000626 20181231 的股价为空,尝试2周前股价
2025-11-26 13:28:06,375 - __main__ - WARNING - 获取sz000626 20151231 的股价为空,尝试2周前股价
2025-11-26 13:28:07,523 - __main__ - WARNING - 获取sz000626 20151231 的股价为空
2025-11-26 13:28:15,119 - __main__ - INFO - 手动计算 sz000626 动态市盈率: 77.73 静态市盈率: -11.12 TTM市盈率: -17.39
2025-11-26 13:28:15,119 - __main__ - INFO - sz000626 远大控股 分析完成
2025-11-26 13:28:16,094 - __main__ - INFO - 分析结果已保存到: analysis_results.json
2025-11-26 13:28:16,095 - __main__ - ERROR - 保存进度失败: [Errno 2] No such file or directory: ''
2025-11-26 13:28:16,095 - __main__ - INFO - 开始分析 sz000629 钒钛股份 的15年历史数据
2025-11-26 13:28:29,081 - __main__ - WARNING - 获取sz000629 20171231 的股价为空,尝试2周前股价
2025-11-26 13:28:30,631 - __main__ - WARNING - 获取sz000629 20171231 的股价为空
2025-11-26 13:28:32,190 - __main__ - WARNING - 获取sz000629 20181231 的股价为空,尝试2周前股价
2025-11-26 13:28:52,922 - __main__ - WARNING - 获取sz000629 20181231 的股价为空,尝试2周前股价
2025-11-26 13:28:55,335 - __main__ - WARNING - 获取sz000629 20171231 的股价为空,尝试2周前股价
2025-11-26 13:28:56,467 - __main__ - WARNING - 获取sz000629 20171231 的股价为空
2025-11-26 13:29:06,590 - __main__ - INFO - 手动计算 sz000629 动态市盈率: -143.91 静态市盈率: 100.00 TTM市盈率: -614.00
2025-11-26 13:29:06,590 - __main__ - INFO - sz000629 钒钛股份 分析完成
2025-11-26 13:29:07,588 - __main__ - INFO - 分析结果已保存到: analysis_results.json
2025-11-26 13:29:07,588 - __main__ - ERROR - 保存进度失败: [Errno 2] No such file or directory: ''
2025-11-26 13:29:07,588 - __main__ - INFO - 开始分析 sz000633 合金投资 的15年历史数据
2025-11-26 13:29:15,403 - __main__ - WARNING - 获取sz000633 20141231 的股价为空,尝试2周前股价
2025-11-26 13:29:16,943 - __main__ - WARNING - 获取sz000633 20141231 的股价为空
2025-11-26 13:29:22,918 - __main__ - WARNING - 获取sz000633 20181231 的股价为空,尝试2周前股价
2025-11-26 13:29:43,180 - __main__ - WARNING - 获取sz000633 20181231 的股价为空,尝试2周前股价
2025-11-26 13:29:49,146 - __main__ - WARNING - 获取sz000633 20141231 的股价为空,尝试2周前股价
2025-11-26 13:29:50,200 - __main__ - WARNING - 获取sz000633 20141231 的股价为空
2025-11-26 13:29:56,138 - __main__ - INFO - 手动计算 sz000633 动态市盈率: 262.50 静态市盈率: 217.16 TTM市盈率: 161.67
2025-11-26 13:29:56,138 - __main__ - INFO - sz000633 合金投资 分析完成
2025-11-26 13:29:57,166 - __main__ - INFO - 分析结果已保存到: analysis_results.json
2025-11-26 13:29:57,167 - __main__ - ERROR - 保存进度失败: [Errno 2] No such file or directory: ''
2025-11-26 13:29:57,167 - __main__ - INFO - 开始分析 sz000670 盈方微 的15年历史数据
2025-11-26 13:29:58,945 - __main__ - WARNING - 获取sz000670 20101231 的股价为空,尝试2周前股价
2025-11-26 13:30:00,626 - __main__ - WARNING - 获取sz000670 20101231 的股价为空
2025-11-26 13:30:02,118 - __main__ - WARNING - 获取sz000670 20111231 的股价为空,尝试2周前股价
2025-11-26 13:30:03,824 - __main__ - WARNING - 获取sz000670 20111231 的股价为空
2025-11-26 13:30:05,280 - __main__ - WARNING - 获取sz000670 20121231 的股价为空,尝试2周前股价
2025-11-26 13:30:06,773 - __main__ - WARNING - 获取sz000670 20121231 的股价为空
2025-11-26 13:30:08,260 - __main__ - WARNING - 获取sz000670 20131231 的股价为空,尝试2周前股价
2025-11-26 13:30:09,819 - __main__ - WARNING - 获取sz000670 20131231 的股价为空
2025-11-26 13:30:14,457 - __main__ - WARNING - 获取sz000670 20161231 的股价为空,尝试2周前股价
2025-11-26 13:30:16,366 - __main__ - WARNING - 获取sz000670 20161231 的股价为空
2025-11-26 13:30:19,300 - __main__ - WARNING - 获取sz000670 20181231 的股价为空,尝试2周前股价
2025-11-26 13:30:23,857 - __main__ - WARNING - 获取sz000670 20201231 的股价为空,尝试2周前股价
2025-11-26 13:30:25,368 - __main__ - WARNING - 获取sz000670 20201231 的股价为空
2025-11-26 13:30:26,905 - __main__ - WARNING - 获取sz000670 20211231 的股价为空,尝试2周前股价
2025-11-26 13:30:28,454 - __main__ - WARNING - 获取sz000670 20211231 的股价为空
2025-11-26 13:30:39,098 - __main__ - WARNING - 获取sz000670 20211231 的股价为空,尝试2周前股价
2025-11-26 13:30:40,156 - __main__ - WARNING - 获取sz000670 20211231 的股价为空
2025-11-26 13:30:41,400 - __main__ - WARNING - 获取sz000670 20201231 的股价为空,尝试2周前股价
2025-11-26 13:30:42,515 - __main__ - WARNING - 获取sz000670 20201231 的股价为空
2025-11-26 13:30:47,442 - __main__ - WARNING - 获取sz000670 20161231 的股价为空,尝试2周前股价
2025-11-26 13:30:48,477 - __main__ - WARNING - 获取sz000670 20161231 的股价为空
2025-11-26 13:30:52,136 - __main__ - WARNING - 获取sz000670 20131231 的股价为空,尝试2周前股价
2025-11-26 13:30:53,198 - __main__ - WARNING - 获取sz000670 20131231 的股价为空
2025-11-26 13:30:54,428 - __main__ - WARNING - 获取sz000670 20121231 的股价为空,尝试2周前股价
2025-11-26 13:30:55,519 - __main__ - WARNING - 获取sz000670 20121231 的股价为空
2025-11-26 13:30:56,740 - __main__ - WARNING - 获取sz000670 20111231 的股价为空,尝试2周前股价
2025-11-26 13:30:57,799 - __main__ - WARNING - 获取sz000670 20111231 的股价为空
2025-11-26 13:30:59,135 - __main__ - WARNING - 获取sz000670 20101231 的股价为空,尝试2周前股价
2025-11-26 13:31:00,167 - __main__ - WARNING - 获取sz000670 20101231 的股价为空
2025-11-26 13:31:01,272 - __main__ - INFO - 手动计算 sz000670 动态市盈率: -126.13 静态市盈率: -117.65 TTM市盈率: -105.93
2025-11-26 13:31:01,272 - __main__ - INFO - sz000670 盈方微 分析完成
2025-11-26 13:31:02,285 - __main__ - INFO - 分析结果已保存到: analysis_results.json
2025-11-26 13:31:02,285 - __main__ - ERROR - 保存进度失败: [Errno 2] No such file or directory: ''
2025-11-26 13:31:02,286 - __main__ - INFO - 开始分析 sz000678 襄阳轴承 的15年历史数据
2025-11-26 13:31:15,156 - __main__ - WARNING - 获取sz000678 20171231 的股价为空,尝试2周前股价
2025-11-26 13:31:16,744 - __main__ - WARNING - 获取sz000678 20171231 的股价为空
2025-11-26 13:31:18,260 - __main__ - WARNING - 获取sz000678 20181231 的股价为空,尝试2周前股价
2025-11-26 13:31:39,250 - __main__ - WARNING - 获取sz000678 20181231 的股价为空,尝试2周前股价
2025-11-26 13:31:41,578 - __main__ - WARNING - 获取sz000678 20171231 的股价为空,尝试2周前股价
2025-11-26 13:31:42,655 - __main__ - WARNING - 获取sz000678 20171231 的股价为空
2025-11-26 13:31:52,404 - __main__ - INFO - 手动计算 sz000678 动态市盈率: -167.38 静态市盈率: -167.38 TTM市盈率: -136.63
2025-11-26 13:31:52,404 - __main__ - INFO - sz000678 襄阳轴承 分析完成
2025-11-26 13:31:53,416 - __main__ - INFO - 分析结果已保存到: analysis_results.json
2025-11-26 13:31:53,417 - __main__ - ERROR - 保存进度失败: [Errno 2] No such file or directory: ''
2025-11-26 13:31:53,417 - __main__ - INFO - 开始分析 sz000688 国城矿业 的15年历史数据
2025-11-26 13:31:55,212 - __main__ - WARNING - 获取sz000688 20101231 的股价为空,尝试2周前股价
2025-11-26 13:31:56,729 - __main__ - WARNING - 获取sz000688 20101231 的股价为空
2025-11-26 13:31:58,218 - __main__ - WARNING - 获取sz000688 20111231 的股价为空,尝试2周前股价
2025-11-26 13:31:59,865 - __main__ - WARNING - 获取sz000688 20111231 的股价为空
2025-11-26 13:32:01,413 - __main__ - WARNING - 获取sz000688 20121231 的股价为空,尝试2周前股价
2025-11-26 13:32:02,887 - __main__ - WARNING - 获取sz000688 20121231 的股价为空
2025-11-26 13:32:10,747 - __main__ - WARNING - 获取sz000688 20171231 的股价为空,尝试2周前股价
2025-11-26 13:32:12,199 - __main__ - WARNING - 获取sz000688 20171231 的股价为空
2025-11-26 13:32:13,745 - __main__ - WARNING - 获取sz000688 20181231 的股价为空,尝试2周前股价
2025-11-26 13:32:34,795 - __main__ - WARNING - 获取sz000688 20181231 的股价为空,尝试2周前股价
2025-11-26 13:32:37,098 - __main__ - WARNING - 获取sz000688 20171231 的股价为空,尝试2周前股价
2025-11-26 13:32:38,119 - __main__ - WARNING - 获取sz000688 20171231 的股价为空
2025-11-26 13:32:44,101 - __main__ - WARNING - 获取sz000688 20121231 的股价为空,尝试2周前股价
2025-11-26 13:32:45,191 - __main__ - WARNING - 获取sz000688 20121231 的股价为空
2025-11-26 13:32:46,421 - __main__ - WARNING - 获取sz000688 20111231 的股价为空,尝试2周前股价
2025-11-26 13:32:47,484 - __main__ - WARNING - 获取sz000688 20111231 的股价为空
2025-11-26 13:32:48,680 - __main__ - WARNING - 获取sz000688 20101231 的股价为空,尝试2周前股价
2025-11-26 13:32:49,711 - __main__ - WARNING - 获取sz000688 20101231 的股价为空
2025-11-26 13:32:50,769 - __main__ - INFO - 手动计算 sz000688 动态市盈率: 27.71 静态市盈率: -145.91 TTM市盈率: 58.66
2025-11-26 13:32:50,770 - __main__ - INFO - sz000688 国城矿业 分析完成
2025-11-26 13:32:51,780 - __main__ - INFO - 分析结果已保存到: analysis_results.json
2025-11-26 13:32:51,781 - __main__ - ERROR - 保存进度失败: [Errno 2] No such file or directory: ''
2025-11-26 13:32:51,781 - __main__ - INFO - 开始分析 sz000695 滨海能源 的15年历史数据
2025-11-26 13:32:53,664 - __main__ - WARNING - 获取sz000695 20101231 的股价为空,尝试2周前股价
2025-11-26 13:32:55,216 - __main__ - WARNING - 获取sz000695 20101231 的股价为空
2025-11-26 13:33:06,835 - __main__ - WARNING - 获取sz000695 20171231 的股价为空,尝试2周前股价
2025-11-26 13:33:08,437 - __main__ - WARNING - 获取sz000695 20171231 的股价为空
2025-11-26 13:33:10,099 - __main__ - WARNING - 获取sz000695 20181231 的股价为空,尝试2周前股价
2025-11-26 13:33:31,269 - __main__ - WARNING - 获取sz000695 20181231 的股价为空,尝试2周前股价
2025-11-26 13:33:33,644 - __main__ - WARNING - 获取sz000695 20171231 的股价为空,尝试2周前股价
2025-11-26 13:33:34,794 - __main__ - WARNING - 获取sz000695 20171231 的股价为空
2025-11-26 13:33:43,620 - __main__ - WARNING - 获取sz000695 20101231 的股价为空,尝试2周前股价
2025-11-26 13:33:44,715 - __main__ - WARNING - 获取sz000695 20101231 的股价为空
2025-11-26 13:33:45,887 - __main__ - INFO - 手动计算 sz000695 动态市盈率: -37.58 静态市盈率: -88.07 TTM市盈率: -31.22
2025-11-26 13:33:45,887 - __main__ - INFO - sz000695 滨海能源 分析完成
2025-11-26 13:33:46,889 - __main__ - INFO - 分析结果已保存到: analysis_results.json
2025-11-26 13:33:46,890 - __main__ - ERROR - 保存进度失败: [Errno 2] No such file or directory: ''
2025-11-26 13:33:46,890 - __main__ - INFO - 开始分析 sz000710 贝瑞基因 的15年历史数据
2025-11-26 13:33:53,214 - __main__ - WARNING - 获取sz000710 20131231 的股价为空,尝试2周前股价
2025-11-26 13:33:54,762 - __main__ - WARNING - 获取sz000710 20131231 的股价为空
2025-11-26 13:33:59,438 - __main__ - WARNING - 获取sz000710 20161231 的股价为空,尝试2周前股价
2025-11-26 13:34:04,139 - __main__ - WARNING - 获取sz000710 20181231 的股价为空,尝试2周前股价
2025-11-26 13:34:31,821 - __main__ - WARNING - 获取sz000710 20181231 的股价为空,尝试2周前股价
2025-11-26 13:34:43,664 - __main__ - WARNING - 获取sz000710 20161231 的股价为空,尝试2周前股价
2025-11-26 13:34:54,863 - __main__ - WARNING - 获取sz000710 20131231 的股价为空,尝试2周前股价
2025-11-26 13:34:58,418 - __main__ - WARNING - 获取sz000710 20131231 的股价为空
2025-11-26 13:35:13,421 - __main__ - INFO - 手动计算 sz000710 动态市盈率: -65.42 静态市盈率: -23.83 TTM市盈率: -17.95
2025-11-26 13:35:13,421 - __main__ - INFO - sz000710 贝瑞基因 分析完成
2025-11-26 13:35:18,763 - __main__ - INFO - 分析结果已保存到: analysis_results.json
2025-11-26 13:35:18,827 - __main__ - ERROR - 保存进度失败: [Errno 2] No such file or directory: ''
2025-11-26 13:35:18,914 - __main__ - INFO - 开始分析 sz000712 锦龙股份 的15年历史数据
2025-11-26 13:35:40,478 - __main__ - WARNING - 获取sz000712 20121231 的股价为空,尝试2周前股价
2025-11-26 13:35:46,046 - __main__ - WARNING - 获取sz000712 20121231 的股价为空
2025-11-26 13:36:04,592 - __main__ - WARNING - 获取sz000712 20151231 的股价为空,尝试2周前股价
2025-11-26 13:36:31,536 - __main__ - WARNING - 获取sz000712 20181231 的股价为空,尝试2周前股价
